This is pdfTeX, Version 3.141592653-2.6-1.40.25 (MiKTeX 23.5) (preloaded format=pdflatex 2023.5.12)  23 SEP 2024 19:41
entering extended mode
 restricted \write18 enabled.
 %&-line parsing enabled.
**./Clase_Series.tex
(Clase_Series.tex
LaTeX2e <2022-11-01> patch level 1
L3 programming layer <2023-04-20>
(C:\Users\JuniorJ\AppData\Local\Programs\MiKTeX\tex/latex/beamer\beamer.cls
Document Class: beamer 2023/02/20 v3.69 A class for typesetting presentations

(C:\Users\JuniorJ\AppData\Local\Programs\MiKTeX\tex/latex/beamer\beamerbasemode
s.sty
(C:\Users\JuniorJ\AppData\Local\Programs\MiKTeX\tex/latex/etoolbox\etoolbox.sty
Package: etoolbox 2020/10/05 v2.5k e-TeX tools for LaTeX (JAW)
\etb@tempcnta=\count185
)
\beamer@tempbox=\box51
\beamer@tempcount=\count186
\c@beamerpauses=\count187

(C:\Users\JuniorJ\AppData\Local\Programs\MiKTeX\tex/latex/beamer\beamerbasedeco
de.sty
\beamer@slideinframe=\count188
\beamer@minimum=\count189
\beamer@decode@box=\box52
)
\beamer@commentbox=\box53
\beamer@modecount=\count190
)
(C:\Users\JuniorJ\AppData\Local\Programs\MiKTeX\tex/generic/iftex\iftex.sty
Package: iftex 2022/02/03 v1.0f TeX engine tests
)
\headdp=\dimen140
\footheight=\dimen141
\sidebarheight=\dimen142
\beamer@tempdim=\dimen143
\beamer@finalheight=\dimen144
\beamer@animht=\dimen145
\beamer@animdp=\dimen146
\beamer@animwd=\dimen147
\beamer@leftmargin=\dimen148
\beamer@rightmargin=\dimen149
\beamer@leftsidebar=\dimen150
\beamer@rightsidebar=\dimen151
\beamer@boxsize=\dimen152
\beamer@vboxoffset=\dimen153
\beamer@descdefault=\dimen154
\beamer@descriptionwidth=\dimen155
\beamer@lastskip=\skip48
\beamer@areabox=\box54
\beamer@animcurrent=\box55
\beamer@animshowbox=\box56
\beamer@sectionbox=\box57
\beamer@logobox=\box58
\beamer@linebox=\box59
\beamer@sectioncount=\count191
\beamer@subsubsectionmax=\count192
\beamer@subsectionmax=\count193
\beamer@sectionmax=\count194
\beamer@totalheads=\count195
\beamer@headcounter=\count196
\beamer@partstartpage=\count197
\beamer@sectionstartpage=\count198
\beamer@subsectionstartpage=\count199
\beamer@animationtempa=\count266
\beamer@animationtempb=\count267
\beamer@xpos=\count268
\beamer@ypos=\count269
\beamer@ypos@offset=\count270
\beamer@showpartnumber=\count271
\beamer@currentsubsection=\count272
\beamer@coveringdepth=\count273
\beamer@sectionadjust=\count274
\beamer@toclastsection=\count275
\beamer@tocsectionnumber=\count276

(C:\Users\JuniorJ\AppData\Local\Programs\MiKTeX\tex/latex/beamer\beamerbaseopti
ons.sty
(C:\Users\JuniorJ\AppData\Local\Programs\MiKTeX\tex/latex/graphics\keyval.sty
Package: keyval 2022/05/29 v1.15 key=value parser (DPC)
\KV@toks@=\toks16
))
\beamer@paperwidth=\skip49
\beamer@paperheight=\skip50

(C:\Users\JuniorJ\AppData\Local\Programs\MiKTeX\tex/latex/geometry\geometry.sty
Package: geometry 2020/01/02 v5.9 Page Geometry
(C:\Users\JuniorJ\AppData\Local\Programs\MiKTeX\tex/generic/iftex\ifvtex.sty
Package: ifvtex 2019/10/25 v1.7 ifvtex legacy package. Use iftex instead.
)
\Gm@cnth=\count277
\Gm@cntv=\count278
\c@Gm@tempcnt=\count279
\Gm@bindingoffset=\dimen156
\Gm@wd@mp=\dimen157
\Gm@odd@mp=\dimen158
\Gm@even@mp=\dimen159
\Gm@layoutwidth=\dimen160
\Gm@layoutheight=\dimen161
\Gm@layouthoffset=\dimen162
\Gm@layoutvoffset=\dimen163
\Gm@dimlist=\toks17

(C:\Users\JuniorJ\AppData\Local\Programs\MiKTeX\tex/latex/geometry\geometry.cfg
))
(C:\Users\JuniorJ\AppData\Local\Programs\MiKTeX\tex/latex/pgf/math\pgfmath.sty
(C:\Users\JuniorJ\AppData\Local\Programs\MiKTeX\tex/latex/pgf/utilities\pgfrcs.
sty
(C:\Users\JuniorJ\AppData\Local\Programs\MiKTeX\tex/generic/pgf/utilities\pgfut
il-common.tex
\pgfutil@everybye=\toks18
\pgfutil@tempdima=\dimen164
\pgfutil@tempdimb=\dimen165
)
(C:\Users\JuniorJ\AppData\Local\Programs\MiKTeX\tex/generic/pgf/utilities\pgfut
il-latex.def
\pgfutil@abb=\box60
)
(C:\Users\JuniorJ\AppData\Local\Programs\MiKTeX\tex/generic/pgf/utilities\pgfrc
s.code.tex
(C:\Users\JuniorJ\AppData\Local\Programs\MiKTeX\tex/generic/pgf\pgf.revision.te
x)
Package: pgfrcs 2023-01-15 v3.1.10 (3.1.10)
))
(C:\Users\JuniorJ\AppData\Local\Programs\MiKTeX\tex/latex/pgf/utilities\pgfkeys
.sty
(C:\Users\JuniorJ\AppData\Local\Programs\MiKTeX\tex/generic/pgf/utilities\pgfke
ys.code.tex
\pgfkeys@pathtoks=\toks19
\pgfkeys@temptoks=\toks20

(C:\Users\JuniorJ\AppData\Local\Programs\MiKTeX\tex/generic/pgf/utilities\pgfke
yslibraryfiltered.code.tex
\pgfkeys@tmptoks=\toks21
)))
(C:\Users\JuniorJ\AppData\Local\Programs\MiKTeX\tex/generic/pgf/math\pgfmath.co
de.tex
(C:\Users\JuniorJ\AppData\Local\Programs\MiKTeX\tex/generic/pgf/math\pgfmathuti
l.code.tex
\pgf@x=\dimen166
\pgf@xa=\dimen167
\pgf@xb=\dimen168
\pgf@xc=\dimen169
\pgf@y=\dimen170
\pgf@ya=\dimen171
\pgf@yb=\dimen172
\pgf@yc=\dimen173
\c@pgf@counta=\count280
\c@pgf@countb=\count281
\c@pgf@countc=\count282
\c@pgf@countd=\count283
)
(C:\Users\JuniorJ\AppData\Local\Programs\MiKTeX\tex/generic/pgf/math\pgfmathpar
ser.code.tex
\pgfmath@dimen=\dimen174
\pgfmath@count=\count284
\pgfmath@box=\box61
\pgfmath@toks=\toks22
\pgfmath@stack@operand=\toks23
\pgfmath@stack@operation=\toks24
)
(C:\Users\JuniorJ\AppData\Local\Programs\MiKTeX\tex/generic/pgf/math\pgfmathfun
ctions.code.tex)
(C:\Users\JuniorJ\AppData\Local\Programs\MiKTeX\tex/generic/pgf/math\pgfmathfun
ctions.basic.code.tex)
(C:\Users\JuniorJ\AppData\Local\Programs\MiKTeX\tex/generic/pgf/math\pgfmathfun
ctions.trigonometric.code.tex)
(C:\Users\JuniorJ\AppData\Local\Programs\MiKTeX\tex/generic/pgf/math\pgfmathfun
ctions.random.code.tex)
(C:\Users\JuniorJ\AppData\Local\Programs\MiKTeX\tex/generic/pgf/math\pgfmathfun
ctions.comparison.code.tex)
(C:\Users\JuniorJ\AppData\Local\Programs\MiKTeX\tex/generic/pgf/math\pgfmathfun
ctions.base.code.tex)
(C:\Users\JuniorJ\AppData\Local\Programs\MiKTeX\tex/generic/pgf/math\pgfmathfun
ctions.round.code.tex)
(C:\Users\JuniorJ\AppData\Local\Programs\MiKTeX\tex/generic/pgf/math\pgfmathfun
ctions.misc.code.tex)
(C:\Users\JuniorJ\AppData\Local\Programs\MiKTeX\tex/generic/pgf/math\pgfmathfun
ctions.integerarithmetics.code.tex)
(C:\Users\JuniorJ\AppData\Local\Programs\MiKTeX\tex/generic/pgf/math\pgfmathcal
c.code.tex)
(C:\Users\JuniorJ\AppData\Local\Programs\MiKTeX\tex/generic/pgf/math\pgfmathflo
at.code.tex
\c@pgfmathroundto@lastzeros=\count285
)))
(C:\Users\JuniorJ\AppData\Local\Programs\MiKTeX\tex/latex/base\size10.clo
File: size10.clo 2022/07/02 v1.4n Standard LaTeX file (size option)
)
(C:\Users\JuniorJ\AppData\Local\Programs\MiKTeX\tex/latex/pgf/basiclayer\pgfcor
e.sty
(C:\Users\JuniorJ\AppData\Local\Programs\MiKTeX\tex/latex/graphics\graphicx.sty
Package: graphicx 2021/09/16 v1.2d Enhanced LaTeX Graphics (DPC,SPQR)

(C:\Users\JuniorJ\AppData\Local\Programs\MiKTeX\tex/latex/graphics\graphics.sty
Package: graphics 2022/03/10 v1.4e Standard LaTeX Graphics (DPC,SPQR)
(C:\Users\JuniorJ\AppData\Local\Programs\MiKTeX\tex/latex/graphics\trig.sty
Package: trig 2021/08/11 v1.11 sin cos tan (DPC)
)
(C:\Users\JuniorJ\AppData\Local\Programs\MiKTeX\tex/latex/graphics-cfg\graphics
.cfg
File: graphics.cfg 2016/06/04 v1.11 sample graphics configuration
)
Package graphics Info: Driver file: pdftex.def on input line 107.

(C:\Users\JuniorJ\AppData\Local\Programs\MiKTeX\tex/latex/graphics-def\pdftex.d
ef
File: pdftex.def 2022/09/22 v1.2b Graphics/color driver for pdftex
))
\Gin@req@height=\dimen175
\Gin@req@width=\dimen176
)
(C:\Users\JuniorJ\AppData\Local\Programs\MiKTeX\tex/latex/pgf/systemlayer\pgfsy
s.sty
(C:\Users\JuniorJ\AppData\Local\Programs\MiKTeX\tex/generic/pgf/systemlayer\pgf
sys.code.tex
Package: pgfsys 2023-01-15 v3.1.10 (3.1.10)
\pgf@x=\dimen177
\pgf@y=\dimen178
\pgf@xa=\dimen179
\pgf@ya=\dimen180
\pgf@xb=\dimen181
\pgf@yb=\dimen182
\pgf@xc=\dimen183
\pgf@yc=\dimen184
\pgf@xd=\dimen185
\pgf@yd=\dimen186
\w@pgf@writea=\write3
\r@pgf@reada=\read2
\c@pgf@counta=\count286
\c@pgf@countb=\count287
\c@pgf@countc=\count288
\c@pgf@countd=\count289
\t@pgf@toka=\toks25
\t@pgf@tokb=\toks26
\t@pgf@tokc=\toks27
\pgf@sys@id@count=\count290

(C:\Users\JuniorJ\AppData\Local\Programs\MiKTeX\tex/generic/pgf/systemlayer\pgf
.cfg
File: pgf.cfg 2023-01-15 v3.1.10 (3.1.10)
)
Driver file for pgf: pgfsys-pdftex.def

(C:\Users\JuniorJ\AppData\Local\Programs\MiKTeX\tex/generic/pgf/systemlayer\pgf
sys-pdftex.def
File: pgfsys-pdftex.def 2023-01-15 v3.1.10 (3.1.10)

(C:\Users\JuniorJ\AppData\Local\Programs\MiKTeX\tex/generic/pgf/systemlayer\pgf
sys-common-pdf.def
File: pgfsys-common-pdf.def 2023-01-15 v3.1.10 (3.1.10)
)))
(C:\Users\JuniorJ\AppData\Local\Programs\MiKTeX\tex/generic/pgf/systemlayer\pgf
syssoftpath.code.tex
File: pgfsyssoftpath.code.tex 2023-01-15 v3.1.10 (3.1.10)
\pgfsyssoftpath@smallbuffer@items=\count291
\pgfsyssoftpath@bigbuffer@items=\count292
)
(C:\Users\JuniorJ\AppData\Local\Programs\MiKTeX\tex/generic/pgf/systemlayer\pgf
sysprotocol.code.tex
File: pgfsysprotocol.code.tex 2023-01-15 v3.1.10 (3.1.10)
))
(C:\Users\JuniorJ\AppData\Local\Programs\MiKTeX\tex/latex/xcolor\xcolor.sty
Package: xcolor 2022/06/12 v2.14 LaTeX color extensions (UK)

(C:\Users\JuniorJ\AppData\Local\Programs\MiKTeX\tex/latex/graphics-cfg\color.cf
g
File: color.cfg 2016/01/02 v1.6 sample color configuration
)
Package xcolor Info: Driver file: pdftex.def on input line 227.

(C:\Users\JuniorJ\AppData\Local\Programs\MiKTeX\tex/latex/graphics\mathcolor.lt
x)
Package xcolor Info: Model `cmy' substituted by `cmy0' on input line 1353.
Package xcolor Info: Model `hsb' substituted by `rgb' on input line 1357.
Package xcolor Info: Model `RGB' extended on input line 1369.
Package xcolor Info: Model `HTML' substituted by `rgb' on input line 1371.
Package xcolor Info: Model `Hsb' substituted by `hsb' on input line 1372.
Package xcolor Info: Model `tHsb' substituted by `hsb' on input line 1373.
Package xcolor Info: Model `HSB' substituted by `hsb' on input line 1374.
Package xcolor Info: Model `Gray' substituted by `gray' on input line 1375.
Package xcolor Info: Model `wave' substituted by `hsb' on input line 1376.
)
(C:\Users\JuniorJ\AppData\Local\Programs\MiKTeX\tex/generic/pgf/basiclayer\pgfc
ore.code.tex
Package: pgfcore 2023-01-15 v3.1.10 (3.1.10)

(C:\Users\JuniorJ\AppData\Local\Programs\MiKTeX\tex/generic/pgf/math\pgfint.cod
e.tex)
(C:\Users\JuniorJ\AppData\Local\Programs\MiKTeX\tex/generic/pgf/basiclayer\pgfc
orepoints.code.tex
File: pgfcorepoints.code.tex 2023-01-15 v3.1.10 (3.1.10)
\pgf@picminx=\dimen187
\pgf@picmaxx=\dimen188
\pgf@picminy=\dimen189
\pgf@picmaxy=\dimen190
\pgf@pathminx=\dimen191
\pgf@pathmaxx=\dimen192
\pgf@pathminy=\dimen193
\pgf@pathmaxy=\dimen194
\pgf@xx=\dimen195
\pgf@xy=\dimen196
\pgf@yx=\dimen197
\pgf@yy=\dimen198
\pgf@zx=\dimen199
\pgf@zy=\dimen256
)
(C:\Users\JuniorJ\AppData\Local\Programs\MiKTeX\tex/generic/pgf/basiclayer\pgfc
orepathconstruct.code.tex
File: pgfcorepathconstruct.code.tex 2023-01-15 v3.1.10 (3.1.10)
\pgf@path@lastx=\dimen257
\pgf@path@lasty=\dimen258
)
(C:\Users\JuniorJ\AppData\Local\Programs\MiKTeX\tex/generic/pgf/basiclayer\pgfc
orepathusage.code.tex
File: pgfcorepathusage.code.tex 2023-01-15 v3.1.10 (3.1.10)
\pgf@shorten@end@additional=\dimen259
\pgf@shorten@start@additional=\dimen260
)
(C:\Users\JuniorJ\AppData\Local\Programs\MiKTeX\tex/generic/pgf/basiclayer\pgfc
orescopes.code.tex
File: pgfcorescopes.code.tex 2023-01-15 v3.1.10 (3.1.10)
\pgfpic=\box62
\pgf@hbox=\box63
\pgf@layerbox@main=\box64
\pgf@picture@serial@count=\count293
)
(C:\Users\JuniorJ\AppData\Local\Programs\MiKTeX\tex/generic/pgf/basiclayer\pgfc
oregraphicstate.code.tex
File: pgfcoregraphicstate.code.tex 2023-01-15 v3.1.10 (3.1.10)
\pgflinewidth=\dimen261
)
(C:\Users\JuniorJ\AppData\Local\Programs\MiKTeX\tex/generic/pgf/basiclayer\pgfc
oretransformations.code.tex
File: pgfcoretransformations.code.tex 2023-01-15 v3.1.10 (3.1.10)
\pgf@pt@x=\dimen262
\pgf@pt@y=\dimen263
\pgf@pt@temp=\dimen264
)
(C:\Users\JuniorJ\AppData\Local\Programs\MiKTeX\tex/generic/pgf/basiclayer\pgfc
orequick.code.tex
File: pgfcorequick.code.tex 2023-01-15 v3.1.10 (3.1.10)
)
(C:\Users\JuniorJ\AppData\Local\Programs\MiKTeX\tex/generic/pgf/basiclayer\pgfc
oreobjects.code.tex
File: pgfcoreobjects.code.tex 2023-01-15 v3.1.10 (3.1.10)
)
(C:\Users\JuniorJ\AppData\Local\Programs\MiKTeX\tex/generic/pgf/basiclayer\pgfc
orepathprocessing.code.tex
File: pgfcorepathprocessing.code.tex 2023-01-15 v3.1.10 (3.1.10)
)
(C:\Users\JuniorJ\AppData\Local\Programs\MiKTeX\tex/generic/pgf/basiclayer\pgfc
orearrows.code.tex
File: pgfcorearrows.code.tex 2023-01-15 v3.1.10 (3.1.10)
\pgfarrowsep=\dimen265
)
(C:\Users\JuniorJ\AppData\Local\Programs\MiKTeX\tex/generic/pgf/basiclayer\pgfc
oreshade.code.tex
File: pgfcoreshade.code.tex 2023-01-15 v3.1.10 (3.1.10)
\pgf@max=\dimen266
\pgf@sys@shading@range@num=\count294
\pgf@shadingcount=\count295
)
(C:\Users\JuniorJ\AppData\Local\Programs\MiKTeX\tex/generic/pgf/basiclayer\pgfc
oreimage.code.tex
File: pgfcoreimage.code.tex 2023-01-15 v3.1.10 (3.1.10)
)
(C:\Users\JuniorJ\AppData\Local\Programs\MiKTeX\tex/generic/pgf/basiclayer\pgfc
oreexternal.code.tex
File: pgfcoreexternal.code.tex 2023-01-15 v3.1.10 (3.1.10)
\pgfexternal@startupbox=\box65
)
(C:\Users\JuniorJ\AppData\Local\Programs\MiKTeX\tex/generic/pgf/basiclayer\pgfc
orelayers.code.tex
File: pgfcorelayers.code.tex 2023-01-15 v3.1.10 (3.1.10)
)
(C:\Users\JuniorJ\AppData\Local\Programs\MiKTeX\tex/generic/pgf/basiclayer\pgfc
oretransparency.code.tex
File: pgfcoretransparency.code.tex 2023-01-15 v3.1.10 (3.1.10)
)
(C:\Users\JuniorJ\AppData\Local\Programs\MiKTeX\tex/generic/pgf/basiclayer\pgfc
orepatterns.code.tex
File: pgfcorepatterns.code.tex 2023-01-15 v3.1.10 (3.1.10)
)
(C:\Users\JuniorJ\AppData\Local\Programs\MiKTeX\tex/generic/pgf/basiclayer\pgfc
orerdf.code.tex
File: pgfcorerdf.code.tex 2023-01-15 v3.1.10 (3.1.10)
)))
(C:\Users\JuniorJ\AppData\Local\Programs\MiKTeX\tex/latex/pgf/utilities\xxcolor
.sty
Package: xxcolor 2003/10/24 ver 0.1
\XC@nummixins=\count296
\XC@countmixins=\count297
)
(C:\Users\JuniorJ\AppData\Local\Programs\MiKTeX\tex/latex/base\atbegshi-ltx.sty
Package: atbegshi-ltx 2021/01/10 v1.0c Emulation of the original atbegshi
package with kernel methods
)
(C:\Users\JuniorJ\AppData\Local\Programs\MiKTeX\tex/latex/hyperref\hyperref.sty
Package: hyperref 2023-04-22 v7.00x Hypertext links for LaTeX

(C:\Users\JuniorJ\AppData\Local\Programs\MiKTeX\tex/generic/ltxcmds\ltxcmds.sty
Package: ltxcmds 2020-05-10 v1.25 LaTeX kernel commands for general use (HO)
)
(C:\Users\JuniorJ\AppData\Local\Programs\MiKTeX\tex/generic/pdftexcmds\pdftexcm
ds.sty
Package: pdftexcmds 2020-06-27 v0.33 Utility functions of pdfTeX for LuaTeX (HO
)

(C:\Users\JuniorJ\AppData\Local\Programs\MiKTeX\tex/generic/infwarerr\infwarerr
.sty
Package: infwarerr 2019/12/03 v1.5 Providing info/warning/error messages (HO)
)
Package pdftexcmds Info: \pdf@primitive is available.
Package pdftexcmds Info: \pdf@ifprimitive is available.
Package pdftexcmds Info: \pdfdraftmode found.
)
(C:\Users\JuniorJ\AppData\Local\Programs\MiKTeX\tex/latex/kvsetkeys\kvsetkeys.s
ty
Package: kvsetkeys 2022-10-05 v1.19 Key value parser (HO)
)
(C:\Users\JuniorJ\AppData\Local\Programs\MiKTeX\tex/generic/kvdefinekeys\kvdefi
nekeys.sty
Package: kvdefinekeys 2019-12-19 v1.6 Define keys (HO)
)
(C:\Users\JuniorJ\AppData\Local\Programs\MiKTeX\tex/generic/pdfescape\pdfescape
.sty
Package: pdfescape 2019/12/09 v1.15 Implements pdfTeX's escape features (HO)
)
(C:\Users\JuniorJ\AppData\Local\Programs\MiKTeX\tex/latex/hycolor\hycolor.sty
Package: hycolor 2020-01-27 v1.10 Color options for hyperref/bookmark (HO)
)
(C:\Users\JuniorJ\AppData\Local\Programs\MiKTeX\tex/latex/letltxmacro\letltxmac
ro.sty
Package: letltxmacro 2019/12/03 v1.6 Let assignment for LaTeX macros (HO)
)
(C:\Users\JuniorJ\AppData\Local\Programs\MiKTeX\tex/latex/auxhook\auxhook.sty
Package: auxhook 2019-12-17 v1.6 Hooks for auxiliary files (HO)
)
(C:\Users\JuniorJ\AppData\Local\Programs\MiKTeX\tex/latex/hyperref\nameref.sty
Package: nameref 2022-05-17 v2.50 Cross-referencing by name of section

(C:\Users\JuniorJ\AppData\Local\Programs\MiKTeX\tex/latex/refcount\refcount.sty
Package: refcount 2019/12/15 v3.6 Data extraction from label references (HO)
)
(C:\Users\JuniorJ\AppData\Local\Programs\MiKTeX\tex/generic/gettitlestring\gett
itlestring.sty
Package: gettitlestring 2019/12/15 v1.6 Cleanup title references (HO)

(C:\Users\JuniorJ\AppData\Local\Programs\MiKTeX\tex/latex/kvoptions\kvoptions.s
ty
Package: kvoptions 2022-06-15 v3.15 Key value format for package options (HO)
))
\c@section@level=\count298
)
\@linkdim=\dimen267
\Hy@linkcounter=\count299
\Hy@pagecounter=\count300

(C:\Users\JuniorJ\AppData\Local\Programs\MiKTeX\tex/latex/hyperref\pd1enc.def
File: pd1enc.def 2023-04-22 v7.00x Hyperref: PDFDocEncoding definition (HO)
Now handling font encoding PD1 ...
... no UTF-8 mapping file for font encoding PD1
)
(C:\Users\JuniorJ\AppData\Local\Programs\MiKTeX\tex/generic/intcalc\intcalc.sty
Package: intcalc 2019/12/15 v1.3 Expandable calculations with integers (HO)
)
\Hy@SavedSpaceFactor=\count301
 (C:\Users\JuniorJ\AppData\Local\Programs\MiKTeX\tex/latex/hyperref\puenc.def
File: puenc.def 2023-04-22 v7.00x Hyperref: PDF Unicode definition (HO)
Now handling font encoding PU ...
... no UTF-8 mapping file for font encoding PU
)
Package hyperref Info: Option `bookmarks' set `true' on input line 4065.
Package hyperref Info: Option `bookmarksopen' set `true' on input line 4065.
Package hyperref Info: Option `implicit' set `false' on input line 4065.
Package hyperref Info: Hyper figures OFF on input line 4182.
Package hyperref Info: Link nesting OFF on input line 4187.
Package hyperref Info: Hyper index ON on input line 4190.
Package hyperref Info: Plain pages OFF on input line 4197.
Package hyperref Info: Backreferencing OFF on input line 4202.
Package hyperref Info: Implicit mode OFF; no redefinition of LaTeX internals.
Package hyperref Info: Bookmarks ON on input line 4449.
\c@Hy@tempcnt=\count302
(C:\Users\JuniorJ\AppData\Local\Programs\MiKTeX\tex/latex/url\url.sty
\Urlmuskip=\muskip16
Package: url 2013/09/16  ver 3.4  Verb mode for urls, etc.
)
LaTeX Info: Redefining \url on input line 4787.
\XeTeXLinkMargin=\dimen268

(C:\Users\JuniorJ\AppData\Local\Programs\MiKTeX\tex/generic/bitset\bitset.sty
Package: bitset 2019/12/09 v1.3 Handle bit-vector datatype (HO)

(C:\Users\JuniorJ\AppData\Local\Programs\MiKTeX\tex/generic/bigintcalc\bigintca
lc.sty
Package: bigintcalc 2019/12/15 v1.5 Expandable calculations on big integers (HO
)
))
\Fld@menulength=\count303
\Field@Width=\dimen269
\Fld@charsize=\dimen270
Package hyperref Info: Hyper figures OFF on input line 6066.
Package hyperref Info: Link nesting OFF on input line 6071.
Package hyperref Info: Hyper index ON on input line 6074.
Package hyperref Info: backreferencing OFF on input line 6081.
Package hyperref Info: Link coloring OFF on input line 6086.
Package hyperref Info: Link coloring with OCG OFF on input line 6091.
Package hyperref Info: PDF/A mode OFF on input line 6096.
\Hy@abspage=\count304


Package hyperref Message: Stopped early.

)
Package hyperref Info: Driver (autodetected): hpdftex.

(C:\Users\JuniorJ\AppData\Local\Programs\MiKTeX\tex/latex/hyperref\hpdftex.def
File: hpdftex.def 2023-04-22 v7.00x Hyperref driver for pdfTeX

(C:\Users\JuniorJ\AppData\Local\Programs\MiKTeX\tex/latex/base\atveryend-ltx.st
y
Package: atveryend-ltx 2020/08/19 v1.0a Emulation of the original atveryend pac
kage
with kernel methods
)
\Fld@listcount=\count305
\c@bookmark@seq@number=\count306

(C:\Users\JuniorJ\AppData\Local\Programs\MiKTeX\tex/latex/rerunfilecheck\rerunf
ilecheck.sty
Package: rerunfilecheck 2022-07-10 v1.10 Rerun checks for auxiliary files (HO)

(C:\Users\JuniorJ\AppData\Local\Programs\MiKTeX\tex/generic/uniquecounter\uniqu
ecounter.sty
Package: uniquecounter 2019/12/15 v1.4 Provide unlimited unique counter (HO)
)
Package uniquecounter Info: New unique counter `rerunfilecheck' on input line 2
85.
))
(C:\Users\JuniorJ\AppData\Local\Programs\MiKTeX\tex/latex/beamer\beamerbaserequ
ires.sty
(C:\Users\JuniorJ\AppData\Local\Programs\MiKTeX\tex/latex/beamer\beamerbasecomp
atibility.sty)
(C:\Users\JuniorJ\AppData\Local\Programs\MiKTeX\tex/latex/beamer\beamerbasefont
.sty
(C:\Users\JuniorJ\AppData\Local\Programs\MiKTeX\tex/latex/amsfonts\amssymb.sty
Package: amssymb 2013/01/14 v3.01 AMS font symbols

(C:\Users\JuniorJ\AppData\Local\Programs\MiKTeX\tex/latex/amsfonts\amsfonts.sty
Package: amsfonts 2013/01/14 v3.01 Basic AMSFonts support
\@emptytoks=\toks28
\symAMSa=\mathgroup4
\symAMSb=\mathgroup5
LaTeX Font Info:    Redeclaring math symbol \hbar on input line 98.
LaTeX Font Info:    Overwriting math alphabet `\mathfrak' in version `bold'
(Font)                  U/euf/m/n --> U/euf/b/n on input line 106.
))
(C:\Users\JuniorJ\AppData\Local\Programs\MiKTeX\tex/latex/sansmathaccent\sansma
thaccent.sty
Package: sansmathaccent 2020/01/31

(C:\Users\JuniorJ\AppData\Local\Programs\MiKTeX\tex/latex/koma-script\scrlfile.
sty
Package: scrlfile 2023/04/24 v3.40 KOMA-Script package (file load hooks)

(C:\Users\JuniorJ\AppData\Local\Programs\MiKTeX\tex/latex/koma-script\scrlfile-
hook.sty
Package: scrlfile-hook 2023/04/24 v3.40 KOMA-Script package (using LaTeX hooks)


(C:\Users\JuniorJ\AppData\Local\Programs\MiKTeX\tex/latex/koma-script\scrlogo.s
ty
Package: scrlogo 2023/04/24 v3.40 KOMA-Script package (logo)
)))))
(C:\Users\JuniorJ\AppData\Local\Programs\MiKTeX\tex/latex/beamer\beamerbasetran
slator.sty
(C:\Users\JuniorJ\AppData\Local\Programs\MiKTeX\tex/latex/translator\translator
.sty
Package: translator 2021-05-31 v1.12d Easy translation of strings in LaTeX
))
(C:\Users\JuniorJ\AppData\Local\Programs\MiKTeX\tex/latex/beamer\beamerbasemisc
.sty)
(C:\Users\JuniorJ\AppData\Local\Programs\MiKTeX\tex/latex/beamer\beamerbasetwos
creens.sty)
(C:\Users\JuniorJ\AppData\Local\Programs\MiKTeX\tex/latex/beamer\beamerbaseover
lay.sty
\beamer@argscount=\count307
\beamer@lastskipcover=\skip51
\beamer@trivlistdepth=\count308
)
(C:\Users\JuniorJ\AppData\Local\Programs\MiKTeX\tex/latex/beamer\beamerbasetitl
e.sty)
(C:\Users\JuniorJ\AppData\Local\Programs\MiKTeX\tex/latex/beamer\beamerbasesect
ion.sty
\c@lecture=\count309
\c@part=\count310
\c@section=\count311
\c@subsection=\count312
\c@subsubsection=\count313
)
(C:\Users\JuniorJ\AppData\Local\Programs\MiKTeX\tex/latex/beamer\beamerbasefram
e.sty
\beamer@framebox=\box66
\beamer@frametitlebox=\box67
\beamer@zoombox=\box68
\beamer@zoomcount=\count314
\beamer@zoomframecount=\count315
\beamer@frametextheight=\dimen271
\c@subsectionslide=\count316
\beamer@frametopskip=\skip52
\beamer@framebottomskip=\skip53
\beamer@frametopskipautobreak=\skip54
\beamer@framebottomskipautobreak=\skip55
\beamer@envbody=\toks29
\framewidth=\dimen272
\c@framenumber=\count317
)
(C:\Users\JuniorJ\AppData\Local\Programs\MiKTeX\tex/latex/beamer\beamerbaseverb
atim.sty
\beamer@verbatimfileout=\write4
)
(C:\Users\JuniorJ\AppData\Local\Programs\MiKTeX\tex/latex/beamer\beamerbasefram
esize.sty
\beamer@splitbox=\box69
\beamer@autobreakcount=\count318
\beamer@autobreaklastheight=\dimen273
\beamer@frametitletoks=\toks30
\beamer@framesubtitletoks=\toks31
)
(C:\Users\JuniorJ\AppData\Local\Programs\MiKTeX\tex/latex/beamer\beamerbasefram
ecomponents.sty
\beamer@footins=\box70
)
(C:\Users\JuniorJ\AppData\Local\Programs\MiKTeX\tex/latex/beamer\beamerbasecolo
r.sty)
(C:\Users\JuniorJ\AppData\Local\Programs\MiKTeX\tex/latex/beamer\beamerbasenote
s.sty
\beamer@frameboxcopy=\box71
)
(C:\Users\JuniorJ\AppData\Local\Programs\MiKTeX\tex/latex/beamer\beamerbasetoc.
sty)
(C:\Users\JuniorJ\AppData\Local\Programs\MiKTeX\tex/latex/beamer\beamerbasetemp
lates.sty
\beamer@sbttoks=\toks32

(C:\Users\JuniorJ\AppData\Local\Programs\MiKTeX\tex/latex/beamer\beamerbaseauxt
emplates.sty
(C:\Users\JuniorJ\AppData\Local\Programs\MiKTeX\tex/latex/beamer\beamerbaseboxe
s.sty
\bmb@box=\box72
\bmb@colorbox=\box73
\bmb@boxwidth=\dimen274
\bmb@boxheight=\dimen275
\bmb@prevheight=\dimen276
\bmb@temp=\dimen277
\bmb@dima=\dimen278
\bmb@dimb=\dimen279
\bmb@prevheight=\dimen280
)
\beamer@blockheadheight=\dimen281
))
(C:\Users\JuniorJ\AppData\Local\Programs\MiKTeX\tex/latex/beamer\beamerbaseloca
lstructure.sty
(C:\Users\JuniorJ\AppData\Local\Programs\MiKTeX\tex/latex/tools\enumerate.sty
Package: enumerate 2015/07/23 v3.00 enumerate extensions (DPC)
\@enLab=\toks33
)
\beamer@bibiconwidth=\skip56
\c@figure=\count319
\c@table=\count320
\abovecaptionskip=\skip57
\belowcaptionskip=\skip58
)
(C:\Users\JuniorJ\AppData\Local\Programs\MiKTeX\tex/latex/beamer\beamerbasenavi
gation.sty
(C:\Users\JuniorJ\AppData\Local\Programs\MiKTeX\tex/latex/beamer\beamerbasenavi
gationsymbols.tex)
\beamer@section@min@dim=\dimen282
)
(C:\Users\JuniorJ\AppData\Local\Programs\MiKTeX\tex/latex/beamer\beamerbasetheo
rems.sty
(C:\Users\JuniorJ\AppData\Local\Programs\MiKTeX\tex/latex/amsmath\amsmath.sty
Package: amsmath 2022/04/08 v2.17n AMS math features
\@mathmargin=\skip59

For additional information on amsmath, use the `?' option.
(C:\Users\JuniorJ\AppData\Local\Programs\MiKTeX\tex/latex/amsmath\amstext.sty
Package: amstext 2021/08/26 v2.01 AMS text

(C:\Users\JuniorJ\AppData\Local\Programs\MiKTeX\tex/latex/amsmath\amsgen.sty
File: amsgen.sty 1999/11/30 v2.0 generic functions
\@emptytoks=\toks34
\ex@=\dimen283
))
(C:\Users\JuniorJ\AppData\Local\Programs\MiKTeX\tex/latex/amsmath\amsbsy.sty
Package: amsbsy 1999/11/29 v1.2d Bold Symbols
\pmbraise@=\dimen284
)
(C:\Users\JuniorJ\AppData\Local\Programs\MiKTeX\tex/latex/amsmath\amsopn.sty
Package: amsopn 2022/04/08 v2.04 operator names
)
\inf@bad=\count321
LaTeX Info: Redefining \frac on input line 234.
\uproot@=\count322
\leftroot@=\count323
LaTeX Info: Redefining \overline on input line 399.
LaTeX Info: Redefining \colon on input line 410.
\classnum@=\count324
\DOTSCASE@=\count325
LaTeX Info: Redefining \ldots on input line 496.
LaTeX Info: Redefining \dots on input line 499.
LaTeX Info: Redefining \cdots on input line 620.
\Mathstrutbox@=\box74
\strutbox@=\box75
LaTeX Info: Redefining \big on input line 722.
LaTeX Info: Redefining \Big on input line 723.
LaTeX Info: Redefining \bigg on input line 724.
LaTeX Info: Redefining \Bigg on input line 725.
\big@size=\dimen285
LaTeX Font Info:    Redeclaring font encoding OML on input line 743.
LaTeX Font Info:    Redeclaring font encoding OMS on input line 744.
\macc@depth=\count326
LaTeX Info: Redefining \bmod on input line 905.
LaTeX Info: Redefining \pmod on input line 910.
LaTeX Info: Redefining \smash on input line 940.
LaTeX Info: Redefining \relbar on input line 970.
LaTeX Info: Redefining \Relbar on input line 971.
\c@MaxMatrixCols=\count327
\dotsspace@=\muskip17
\c@parentequation=\count328
\dspbrk@lvl=\count329
\tag@help=\toks35
\row@=\count330
\column@=\count331
\maxfields@=\count332
\andhelp@=\toks36
\eqnshift@=\dimen286
\alignsep@=\dimen287
\tagshift@=\dimen288
\tagwidth@=\dimen289
\totwidth@=\dimen290
\lineht@=\dimen291
\@envbody=\toks37
\multlinegap=\skip60
\multlinetaggap=\skip61
\mathdisplay@stack=\toks38
LaTeX Info: Redefining \[ on input line 2953.
LaTeX Info: Redefining \] on input line 2954.
)
(C:\Users\JuniorJ\AppData\Local\Programs\MiKTeX\tex/latex/amscls\amsthm.sty
Package: amsthm 2020/05/29 v2.20.6
\thm@style=\toks39
\thm@bodyfont=\toks40
\thm@headfont=\toks41
\thm@notefont=\toks42
\thm@headpunct=\toks43
\thm@preskip=\skip62
\thm@postskip=\skip63
\thm@headsep=\skip64
\dth@everypar=\toks44
)
\c@theorem=\count333
)
(C:\Users\JuniorJ\AppData\Local\Programs\MiKTeX\tex/latex/beamer\beamerbasethem
es.sty))
(C:\Users\JuniorJ\AppData\Local\Programs\MiKTeX\tex/latex/beamer\beamerthemedef
ault.sty
(C:\Users\JuniorJ\AppData\Local\Programs\MiKTeX\tex/latex/beamer\beamerfontthem
edefault.sty)
(C:\Users\JuniorJ\AppData\Local\Programs\MiKTeX\tex/latex/beamer\beamercolorthe
medefault.sty)
(C:\Users\JuniorJ\AppData\Local\Programs\MiKTeX\tex/latex/beamer\beamerinnerthe
medefault.sty
\beamer@dima=\dimen292
\beamer@dimb=\dimen293
)
(C:\Users\JuniorJ\AppData\Local\Programs\MiKTeX\tex/latex/beamer\beamerouterthe
medefault.sty))) (beamerthemeOxygen.sty
(C:\Users\JuniorJ\AppData\Local\Programs\MiKTeX\tex/latex/beamer\beamerthemeRoc
hester.sty
(C:\Users\JuniorJ\AppData\Local\Programs\MiKTeX\tex/latex/beamer\beamerouterthe
mesidebar.sty
\beamer@sidebarwidth=\dimen294
\beamer@headheight=\dimen295
)
(C:\Users\JuniorJ\AppData\Local\Programs\MiKTeX\tex/latex/beamer\beamerinnerthe
merectangles.sty)
(C:\Users\JuniorJ\AppData\Local\Programs\MiKTeX\tex/latex/beamer\beamercolorthe
mewhale.sty)
(C:\Users\JuniorJ\AppData\Local\Programs\MiKTeX\tex/latex/beamer\beamercolorthe
meorchid.sty))
(C:\Users\JuniorJ\AppData\Local\Programs\MiKTeX\tex/latex/pgf/basiclayer\pgf.st
y
Package: pgf 2023-01-15 v3.1.10 (3.1.10)

(C:\Users\JuniorJ\AppData\Local\Programs\MiKTeX\tex/generic/pgf/modules\pgfmodu
leshapes.code.tex
File: pgfmoduleshapes.code.tex 2023-01-15 v3.1.10 (3.1.10)
\pgfnodeparttextbox=\box76
)
(C:\Users\JuniorJ\AppData\Local\Programs\MiKTeX\tex/generic/pgf/modules\pgfmodu
leplot.code.tex
File: pgfmoduleplot.code.tex 2023-01-15 v3.1.10 (3.1.10)
)
(C:\Users\JuniorJ\AppData\Local\Programs\MiKTeX\tex/latex/pgf/compatibility\pgf
comp-version-0-65.sty
Package: pgfcomp-version-0-65 2023-01-15 v3.1.10 (3.1.10)
\pgf@nodesepstart=\dimen296
\pgf@nodesepend=\dimen297
)
(C:\Users\JuniorJ\AppData\Local\Programs\MiKTeX\tex/latex/pgf/compatibility\pgf
comp-version-1-18.sty
Package: pgfcomp-version-1-18 2023-01-15 v3.1.10 (3.1.10)
))
(C:\Users\JuniorJ\AppData\Local\Programs\MiKTeX\tex/latex/beamer\beamercolorthe
mestructure.sty))
(C:\Users\JuniorJ\AppData\Local\Programs\MiKTeX\tex/generic/thumbpdf\thumbpdf.s
ty
Package: thumbpdf 2018/09/07 v3.17 Inclusion of thumbnails (HO)


Package thumbpdf Warning: Thumbnail data file `Clase_Series.tpt' not found.

) (C:\Users\JuniorJ\AppData\Local\Programs\MiKTeX\tex/latex/wasysym\wasysym.sty
Package: wasysym 2020/01/19 v2.4 Wasy-2 symbol support package
\symwasy=\mathgroup6
LaTeX Font Info:    Overwriting symbol font `wasy' in version `bold'
(Font)                  U/wasy/m/n --> U/wasy/b/n on input line 93.
) (C:\Users\JuniorJ\AppData\Local\Programs\MiKTeX\tex/latex/ucs\ucs.sty
Package: ucs 2022/08/07 v2.3 UCS: Unicode input support

(C:\Users\JuniorJ\AppData\Local\Programs\MiKTeX\tex/latex/ucs/data\uni-global.d
ef
File: uni-global.def 2022/08/07 UCS: Unicode global data
)
\uc@secondtry=\count334
\uc@combtoks=\toks45
\uc@combtoksb=\toks46
\uc@temptokena=\toks47
)
(C:\Users\JuniorJ\AppData\Local\Programs\MiKTeX\tex/latex/base\inputenc.sty
Package: inputenc 2021/02/14 v1.3d Input encoding file
\inpenc@prehook=\toks48
\inpenc@posthook=\toks49
)
(C:\Users\JuniorJ\AppData\Local\Programs\MiKTeX\tex/latex/pgf/compatibility\pgf
arrows.sty
Package: pgfarrows 2023-01-15 v3.1.10 (3.1.10)


Package pgfarrows Warning: This package is obsolete. pgf.sty will load arrow ma
nagement automatically on input line 17.

)
(C:\Users\JuniorJ\AppData\Local\Programs\MiKTeX\tex/latex/pgf/compatibility\pgf
nodes.sty
Package: pgfnodes 2023-01-15 v3.1.10 (3.1.10)


Package pgfnodes Warning: This package is obsolete. pgf.sty will load node mana
gement automatically on input line 17.

)
(C:\Users\JuniorJ\AppData\Local\Programs\MiKTeX\tex/latex/pgf/compatibility\pgf
automata.sty
Package: pgfautomata 2023-01-15 v3.1.10 (3.1.10)


Package pgfautomata Warning: This package is obsolete. on input line 17.

\pgf@stateradius=\dimen298
\pgf@mooreradius=\dimen299
\pgf@doublethickness=\dimen300
\pgf@statebackoff=\dimen301
)
(C:\Users\JuniorJ\AppData\Local\Programs\MiKTeX\tex/latex/pgf/compatibility\pgf
heaps.sty
Package: pgfheaps 2023-01-15 v3.1.10 (3.1.10)


Package pgfheaps Warning: This package is obsolete. on input line 16.

\pgf@heapx=\dimen302
\pgf@heapy=\dimen303
)
(C:\Users\JuniorJ\AppData\Local\Programs\MiKTeX\tex/latex/pgf/compatibility\pgf
shade.sty
Package: pgfshade 2023-01-15 v3.1.10 (3.1.10)


Package pgfshade Warning: This package is obsolete. pgf.sty will load shade man
agement automatically on input line 17.

) (C:\Users\JuniorJ\AppData\Local\Programs\MiKTeX\tex/latex/tools\verbatim.sty
Package: verbatim 2022-07-02 v1.5u LaTeX2e package for verbatim enhancements
\every@verbatim=\toks50
\verbatim@line=\toks51
\verbatim@in@stream=\read3
)
(C:\Users\JuniorJ\AppData\Local\Programs\MiKTeX\tex/latex/tikzsymbols\tikzsymbo
ls.sty
(C:\Users\JuniorJ\AppData\Local\Programs\MiKTeX\tex/latex/l3packages/xparse\xpa
rse.sty
(C:\Users\JuniorJ\AppData\Local\Programs\MiKTeX\tex/latex/l3kernel\expl3.sty
Package: expl3 2023-04-20 L3 programming layer (loader) 

(C:\Users\JuniorJ\AppData\Local\Programs\MiKTeX\tex/latex/l3backend\l3backend-p
dftex.def
File: l3backend-pdftex.def 2023-04-19 L3 backend support: PDF output (pdfTeX)
\l__color_backend_stack_int=\count335
\l__pdf_internal_box=\box77
))
Package: xparse 2023-02-02 L3 Experimental document command parser
)
Package: tikzsymbols 2021/12/14 v4.12a Some symbols created using tikz and LaTe
X3.

(C:\Users\JuniorJ\AppData\Local\Programs\MiKTeX\tex/latex/pgf/frontendlayer\tik
z.sty
(C:\Users\JuniorJ\AppData\Local\Programs\MiKTeX\tex/latex/pgf/utilities\pgffor.
sty
(C:\Users\JuniorJ\AppData\Local\Programs\MiKTeX\tex/generic/pgf/utilities\pgffo
r.code.tex
Package: pgffor 2023-01-15 v3.1.10 (3.1.10)
\pgffor@iter=\dimen304
\pgffor@skip=\dimen305
\pgffor@stack=\toks52
\pgffor@toks=\toks53
))
(C:\Users\JuniorJ\AppData\Local\Programs\MiKTeX\tex/generic/pgf/frontendlayer/t
ikz\tikz.code.tex
Package: tikz 2023-01-15 v3.1.10 (3.1.10)

(C:\Users\JuniorJ\AppData\Local\Programs\MiKTeX\tex/generic/pgf/libraries\pgfli
braryplothandlers.code.tex
File: pgflibraryplothandlers.code.tex 2023-01-15 v3.1.10 (3.1.10)
\pgf@plot@mark@count=\count336
\pgfplotmarksize=\dimen306
)
\tikz@lastx=\dimen307
\tikz@lasty=\dimen308
\tikz@lastxsaved=\dimen309
\tikz@lastysaved=\dimen310
\tikz@lastmovetox=\dimen311
\tikz@lastmovetoy=\dimen312
\tikzleveldistance=\dimen313
\tikzsiblingdistance=\dimen314
\tikz@figbox=\box78
\tikz@figbox@bg=\box79
\tikz@tempbox=\box80
\tikz@tempbox@bg=\box81
\tikztreelevel=\count337
\tikznumberofchildren=\count338
\tikznumberofcurrentchild=\count339
\tikz@fig@count=\count340

(C:\Users\JuniorJ\AppData\Local\Programs\MiKTeX\tex/generic/pgf/modules\pgfmodu
lematrix.code.tex
File: pgfmodulematrix.code.tex 2023-01-15 v3.1.10 (3.1.10)
\pgfmatrixcurrentrow=\count341
\pgfmatrixcurrentcolumn=\count342
\pgf@matrix@numberofcolumns=\count343
)
\tikz@expandcount=\count344

(C:\Users\JuniorJ\AppData\Local\Programs\MiKTeX\tex/generic/pgf/frontendlayer/t
ikz/libraries\tikzlibrarytopaths.code.tex
File: tikzlibrarytopaths.code.tex 2023-01-15 v3.1.10 (3.1.10)
)))
(C:\Users\JuniorJ\AppData\Local\Programs\MiKTeX\tex/latex/tools\xspace.sty
Package: xspace 2014/10/28 v1.13 Space after command names (DPC,MH)
)
(C:\Users\JuniorJ\AppData\Local\Programs\MiKTeX\tex/latex/l3packages/l3keys2e\l
3keys2e.sty
Package: l3keys2e 2023-02-02 LaTeX2e option processing using LaTeX3 keys
)
(C:\Users\JuniorJ\AppData\Local\Programs\MiKTeX\tex/generic/pgf/frontendlayer/t
ikz/libraries\tikzlibraryarrows.code.tex
File: tikzlibraryarrows.code.tex 2023-01-15 v3.1.10 (3.1.10)

(C:\Users\JuniorJ\AppData\Local\Programs\MiKTeX\tex/generic/pgf/libraries\pgfli
braryarrows.code.tex
File: pgflibraryarrows.code.tex 2023-01-15 v3.1.10 (3.1.10)
\arrowsize=\dimen315
))
(C:\Users\JuniorJ\AppData\Local\Programs\MiKTeX\tex/generic/pgf/frontendlayer/t
ikz/libraries\tikzlibrarydecorations.pathmorphing.code.tex
(C:\Users\JuniorJ\AppData\Local\Programs\MiKTeX\tex/generic/pgf/frontendlayer/t
ikz/libraries\tikzlibrarydecorations.code.tex
(C:\Users\JuniorJ\AppData\Local\Programs\MiKTeX\tex/generic/pgf/modules\pgfmodu
ledecorations.code.tex
\pgfdecoratedcompleteddistance=\dimen316
\pgfdecoratedremainingdistance=\dimen317
\pgfdecoratedinputsegmentcompleteddistance=\dimen318
\pgfdecoratedinputsegmentremainingdistance=\dimen319
\pgf@decorate@distancetomove=\dimen320
\pgf@decorate@repeatstate=\count345
\pgfdecorationsegmentamplitude=\dimen321
\pgfdecorationsegmentlength=\dimen322
)
\tikz@lib@dec@box=\box82
)
(C:\Users\JuniorJ\AppData\Local\Programs\MiKTeX\tex/generic/pgf/libraries/decor
ations\pgflibrarydecorations.pathmorphing.code.tex))
(C:\Users\JuniorJ\AppData\Local\Programs\MiKTeX\tex/generic/pgf/frontendlayer/t
ikz/libraries\tikzlibrarytrees.code.tex
File: tikzlibrarytrees.code.tex 2023-01-15 v3.1.10 (3.1.10)
)
\l__tikzsymbols_Moai_thickness_dim=\dimen323
\l__tikzsymbols_Kochtopf_nr_arguments_int=\count346
\l__tikzsymbols_Bratpfanne_nr_arguments_int=\count347
\l__tikzsymbols_Schneebesen_nr_arguments_int=\count348
\l__tikzsymbols_Sieb_nr_arguments_int=\count349
\l__tikzsymbols_Purierstab_nr_arguments_int=\count350
\l__tikzsymbols_Dreizack_nr_arguments_int=\count351
\l__tikzsymbols_Backblech_nr_arguments_int=\count352
\l__tikzsymbols_Ofen_nr_arguments_int=\count353
\l__tikzsymbols_Pfanne_nr_arguments_int=\count354
\l__tikzsymbols_Herd_nr_arguments_int=\count355
\l__tikzsymbols_Saftpresse_nr_arguments_int=\count356
\l__tikzsymbols_Schussel_nr_arguments_int=\count357
\l__tikzsymbols_Schaler_nr_arguments_int=\count358
\l__tikzsymbols_Reibe_nr_arguments_int=\count359
\l__tikzsymbols_Flasche_nr_arguments_int=\count360
\l__tikzsymbols_Nudelholz_nr_arguments_int=\count361
\l__tikzsymbols_Knoblauchpresse_nr_arguments_int=\count362
\l__tikzsymbols_Sadey_nr_arguments_int=\count363
\l__tikzsymbols_dSadey_nr_arguments_int=\count364
\l__tikzsymbols_Changey_nr_arguments_int=\count365
\l__tikzsymbols_dChangey_nr_arguments_int=\count366
\l__tikzsymbols_cChangey_nr_arguments_int=\count367
\l__tikzsymbols_dcChangey_nr_arguments_int=\count368
\l__tikzsymbols_Annoey_nr_arguments_int=\count369
\l__tikzsymbols_dAnnoey_nr_arguments_int=\count370
\l__tikzsymbols_Smiley_nr_arguments_int=\count371
\l__tikzsymbols_dSmiley_nr_arguments_int=\count372
\l__tikzsymbols_Laughey_nr_arguments_int=\count373
\l__tikzsymbols_dLaughey_nr_arguments_int=\count374
\l__tikzsymbols_Neutrey_nr_arguments_int=\count375
\l__tikzsymbols_dNeutrey_nr_arguments_int=\count376
\l__tikzsymbols_Winkey_nr_arguments_int=\count377
\l__tikzsymbols_oldWinkey_nr_arguments_int=\count378
\l__tikzsymbols_dWinkey_nr_arguments_int=\count379
\l__tikzsymbols_olddWinkey_nr_arguments_int=\count380
\l__tikzsymbols_Sey_nr_arguments_int=\count381
\l__tikzsymbols_dSey_nr_arguments_int=\count382
\l__tikzsymbols_Xey_nr_arguments_int=\count383
\l__tikzsymbols_dXey_nr_arguments_int=\count384
\l__tikzsymbols_Innocey_nr_arguments_int=\count385
\l__tikzsymbols_wInnocey_nr_arguments_int=\count386
\l__tikzsymbols_dInnocey_nr_arguments_int=\count387
\l__tikzsymbols_Cooley_nr_arguments_int=\count388
\l__tikzsymbols_dCooley_nr_arguments_int=\count389
\l__tikzsymbols_Tongey_nr_arguments_int=\count390
\l__tikzsymbols_dTongey_nr_arguments_int=\count391
\l__tikzsymbols_Nursey_nr_arguments_int=\count392
\l__tikzsymbols_dNursey_nr_arguments_int=\count393
\l__tikzsymbols_Vomey_nr_arguments_int=\count394
\l__tikzsymbols_dVomey_nr_arguments_int=\count395
\l__tikzsymbols_Walley_nr_arguments_int=\count396
\l__tikzsymbols_rWalley_nr_arguments_int=\count397
\l__tikzsymbols_dWalley_nr_arguments_int=\count398
\l__tikzsymbols_drWalley_nr_arguments_int=\count399
\l__tikzsymbols_Cat_nr_arguments_int=\count400
\l__tikzsymbols_SchrodingersCat_nr_arguments_int=\count401
\l__tikzsymbols_Ninja_nr_arguments_int=\count402
\l__tikzsymbols_dNinja_nr_arguments_int=\count403
\l__tikzsymbols_Sleepey_nr_arguments_int=\count404
\l__tikzsymbols_dSleepey_nr_arguments_int=\count405
\l__tikzsymbols_Maskey_nr_arguments_int=\count406
\l__tikzsymbols_NiceReapey_nr_arguments_int=\count407
\l__tikzsymbols_Strichmaxerl_nr_arguments_int=\count408
\l__tikzsymbols_Person_nr_arguments_int=\count409
\l__tikzsymbols_Heart_nr_arguments_int=\count410
\l__tikzsymbols_dHeart_nr_arguments_int=\count411
\l__tikzsymbols_HeartBroken_nr_arguments_int=\count412
\l__tikzsymbols_Candle_nr_arguments_int=\count413
\l__tikzsymbols_Fire_nr_arguments_int=\count414
\l__tikzsymbols_Coffeecup_nr_arguments_int=\count415
\l__tikzsymbols_Chair_nr_arguments_int=\count416
\l__tikzsymbols_Bed_nr_arguments_int=\count417
\l__tikzsymbols_Tribar_nr_arguments_int=\count418
\l__tikzsymbols_Moai_nr_arguments_int=\count419
\l__tikzsymbols_Snowman_nr_arguments_int=\count420
\l__tikzsymbols_BasicTree_nr_arguments_int=\count421
\l__tikzsymbols_WorstTree_nr_arguments_int=\count422
\l__tikzsymbols_Springtree_nr_arguments_int=\count423
\l__tikzsymbols_Summertree_nr_arguments_int=\count424
\l__tikzsymbols_Autumntree_nr_arguments_int=\count425
\l__tikzsymbols_Wintertree_nr_arguments_int=\count426
)
(C:\Users\JuniorJ\AppData\Local\Programs\MiKTeX\tex/latex/ragged2e\ragged2e.sty
Package: ragged2e 2023/04/04 v3.5 ragged2e Package
\CenteringLeftskip=\skip65
\RaggedLeftLeftskip=\skip66
\RaggedRightLeftskip=\skip67
\CenteringRightskip=\skip68
\RaggedLeftRightskip=\skip69
\RaggedRightRightskip=\skip70
\CenteringParfillskip=\skip71
\RaggedLeftParfillskip=\skip72
\RaggedRightParfillskip=\skip73
\JustifyingParfillskip=\skip74
\CenteringParindent=\skip75
\RaggedLeftParindent=\skip76
\RaggedRightParindent=\skip77
\JustifyingParindent=\skip78
) (C:\Users\JuniorJ\AppData\Local\Programs\MiKTeX\tex/generic/babel\babel.sty
Package: babel 2023/04/18 3.88 The Babel package
\babel@savecnt=\count427
\U@D=\dimen324
\l@unhyphenated=\language79

(C:\Users\JuniorJ\AppData\Local\Programs\MiKTeX\tex/generic/babel\txtbabel.def)
\bbl@readstream=\read4
LaTeX Info: Redefining \textlatin on input line 4105.
\bbl@dirlevel=\count428
*************************************
* Local config file bblopts.cfg used
*
(C:\Users\JuniorJ\AppData\Local\Programs\MiKTeX\tex/latex/arabi\bblopts.cfg
File: bblopts.cfg 2005/09/08 v0.1 add Arabic and Farsi to "declared" options of
 babel
)
(C:\Users\JuniorJ\AppData\Local\Programs\MiKTeX\tex/latex/babel-spanish\spanish
.ldf
Language: spanish.ldf 2021/05/27 v5.0q Spanish support from the babel system
\es@quottoks=\toks54
\es@quotdepth=\count429
Package babel Info: Making " an active character on input line 570.
Package babel Info: Making . an active character on input line 675.
Package babel Info: Making < an active character on input line 722.
Package babel Info: Making > an active character on input line 722.
))
(C:\Users\JuniorJ\AppData\Local\Programs\MiKTeX\tex/generic/babel/locale/es\bab
el-spanish.tex
Package babel Info: Importing font and identification data for spanish
(babel)             from babel-es.ini. Reported on input line 11.
)
(C:\Users\JuniorJ\AppData\Local\Programs\MiKTeX\tex/latex/hyphenat\hyphenat.sty
Package: hyphenat 2009/09/02 v2.3c hyphenation utilities
\langwohyphens=\language80
LaTeX Info: Redefining \_ on input line 43.
) (C:\Users\JuniorJ\AppData\Local\Programs\MiKTeX\tex/latex/base\fontenc.sty
Package: fontenc 2021/04/29 v2.0v Standard LaTeX package
)
(C:\Users\JuniorJ\AppData\Local\Programs\MiKTeX\tex/latex/tools\array.sty
Package: array 2022/09/04 v2.5g Tabular extension package (FMi)
\col@sep=\dimen325
\ar@mcellbox=\box83
\extrarowheight=\dimen326
\NC@list=\toks55
\extratabsurround=\skip79
\backup@length=\skip80
\ar@cellbox=\box84
)
(C:\Users\JuniorJ\AppData\Local\Programs\MiKTeX\tex/latex/float\float.sty
Package: float 2001/11/08 v1.3d Float enhancements (AL)
\c@float@type=\count430
\float@exts=\toks56
\float@box=\box85
\@float@everytoks=\toks57
\@floatcapt=\box86
)
(C:\Users\JuniorJ\AppData\Local\Programs\MiKTeX\tex/generic/xypic\xy.sty
(C:\Users\JuniorJ\AppData\Local\Programs\MiKTeX\tex/generic/xypic\xy.tex
Bootstrap'ing: catcodes, docmode,
(C:\Users\JuniorJ\AppData\Local\Programs\MiKTeX\tex/generic/xypic\xyrecat.tex)
(C:\Users\JuniorJ\AppData\Local\Programs\MiKTeX\tex/generic/xypic\xyidioms.tex)

 Xy-pic version 3.8.9 <2013/10/06>
 Copyright (c) 1991-2013 by Kristoffer H. Rose <krisrose@tug.org> and others
 Xy-pic is free software: see the User's Guide for details.

Loading kernel: messages; fonts; allocations: state,
\X@c=\dimen327
\Y@c=\dimen328
\U@c=\dimen329
\D@c=\dimen330
\L@c=\dimen331
\R@c=\dimen332
\Edge@c=\toks58
\X@p=\dimen333
\Y@p=\dimen334
\U@p=\dimen335
\D@p=\dimen336
\L@p=\dimen337
\R@p=\dimen338
\Edge@p=\toks59
\X@origin=\dimen339
\Y@origin=\dimen340
\X@xbase=\dimen341
\Y@xbase=\dimen342
\X@ybase=\dimen343
\Y@ybase=\dimen344
\X@min=\dimen345
\Y@min=\dimen346
\X@max=\dimen347
\Y@max=\dimen348
\lastobjectbox@=\box87
\zerodotbox@=\box88
\almostz@=\dimen349
 direction,
\d@X=\dimen350
\d@Y=\dimen351
\K@=\count431
\KK@=\count432
\Direction=\count433
\K@dXdY=\dimen352
\K@dYdX=\dimen353
\xyread@=\read5
\xywrite@=\write5
\csp@=\count434
\quotPTK@=\dimen354

utility macros; pictures: \xy, positions,
\swaptoks@@=\toks60
\connectobjectbox@@=\box89
 objects,
\styletoks@=\toks61
 decorations;
kernel objects: directionals, circles, text; options; algorithms: directions,
edges, connections;  Xy-pic loaded)
(C:\Users\JuniorJ\AppData\Local\Programs\MiKTeX\tex/generic/iftex\ifpdf.sty
Package: ifpdf 2019/10/25 v3.4 ifpdf legacy package. Use iftex instead.
)
Package: xy 2013/10/06 Xy-pic version 3.8.9

(C:\Users\JuniorJ\AppData\Local\Programs\MiKTeX\tex/generic/xypic\xyall.tex
 Xy-pic option: All features v.3.8
(C:\Users\JuniorJ\AppData\Local\Programs\MiKTeX\tex/generic/xypic\xycurve.tex
 Xy-pic option: Curve and Spline extension v.3.12 curve,
\crv@cnt@=\count435
\crvpts@=\toks62
\splinebox@=\box90
\splineval@=\dimen355
\splinedepth@=\dimen356
\splinetol@=\dimen357
\splinelength@=\dimen358
 circles,
\L@=\dimen359
 loaded)
(C:\Users\JuniorJ\AppData\Local\Programs\MiKTeX\tex/generic/xypic\xyframe.tex
 Xy-pic option: Frame and Bracket extension v.3.14 loaded)
(C:\Users\JuniorJ\AppData\Local\Programs\MiKTeX\tex/generic/xypic\xycmtip.tex
 Xy-pic option: Computer Modern tip extension v.3.7
(C:\Users\JuniorJ\AppData\Local\Programs\MiKTeX\tex/generic/xypic\xytips.tex
 Xy-pic option: More Tips extension v.3.11 loaded) loaded)
(C:\Users\JuniorJ\AppData\Local\Programs\MiKTeX\tex/generic/xypic\xyline.tex
 Xy-pic option: Line styles extension v.3.10
\xylinethick@=\dimen360
 loaded)
(C:\Users\JuniorJ\AppData\Local\Programs\MiKTeX\tex/generic/xypic\xyrotate.tex
 Xy-pic option: Rotate and Scale extension v.3.8 loaded)
(C:\Users\JuniorJ\AppData\Local\Programs\MiKTeX\tex/generic/xypic\xycolor.tex
 Xy-pic option: Colour extension v.3.11 loaded)
(C:\Users\JuniorJ\AppData\Local\Programs\MiKTeX\tex/generic/xypic\xymatrix.tex
 Xy-pic option: Matrix feature v.3.14
\Row=\count436
\Col=\count437
\queue@=\toks63
\queue@@=\toks64
\qcount@=\count438
\qcount@@=\count439
\matrixsize@=\count440
 loaded)
(C:\Users\JuniorJ\AppData\Local\Programs\MiKTeX\tex/generic/xypic\xyarrow.tex
 Xy-pic option: Arrow and Path feature v.3.9 path, \ar, loaded)
(C:\Users\JuniorJ\AppData\Local\Programs\MiKTeX\tex/generic/xypic\xygraph.tex
 Xy-pic option: Graph feature v.3.11 loaded) loaded)
(C:\Users\JuniorJ\AppData\Local\Programs\MiKTeX\tex/generic/xypic\xypdf.tex
 Xy-pic option: PDF driver v.1.7 Xy-pic pdf driver: `color' extension support
(C:\Users\JuniorJ\AppData\Local\Programs\MiKTeX\tex/generic/xypic\xypdf-co.tex
loaded) Xy-pic pdf driver: `curve' extension support
(C:\Users\JuniorJ\AppData\Local\Programs\MiKTeX\tex/generic/xypic\xypdf-cu.tex
loaded) Xy-pic pdf driver: `frame' extension support
(C:\Users\JuniorJ\AppData\Local\Programs\MiKTeX\tex/generic/xypic\xypdf-fr.tex
loaded) Xy-pic pdf driver: `line' extension support
(C:\Users\JuniorJ\AppData\Local\Programs\MiKTeX\tex/generic/xypic\xypdf-li.tex
loaded) Xy-pic pdf driver: `rotate' extension support
(C:\Users\JuniorJ\AppData\Local\Programs\MiKTeX\tex/generic/xypic\xypdf-ro.tex
loaded) loaded))
(C:\Users\JuniorJ\AppData\Local\Programs\MiKTeX\tex/latex/lm\lmodern.sty
Package: lmodern 2015/05/01 v1.6.1 Latin Modern Fonts
LaTeX Font Info:    Overwriting symbol font `operators' in version `normal'
(Font)                  OT1/cmr/m/n --> OT1/lmr/m/n on input line 22.
LaTeX Font Info:    Overwriting symbol font `letters' in version `normal'
(Font)                  OML/cmm/m/it --> OML/lmm/m/it on input line 23.
LaTeX Font Info:    Overwriting symbol font `symbols' in version `normal'
(Font)                  OMS/cmsy/m/n --> OMS/lmsy/m/n on input line 24.
LaTeX Font Info:    Overwriting symbol font `largesymbols' in version `normal'
(Font)                  OMX/cmex/m/n --> OMX/lmex/m/n on input line 25.
LaTeX Font Info:    Overwriting symbol font `operators' in version `bold'
(Font)                  OT1/cmr/bx/n --> OT1/lmr/bx/n on input line 26.
LaTeX Font Info:    Overwriting symbol font `letters' in version `bold'
(Font)                  OML/cmm/b/it --> OML/lmm/b/it on input line 27.
LaTeX Font Info:    Overwriting symbol font `symbols' in version `bold'
(Font)                  OMS/cmsy/b/n --> OMS/lmsy/b/n on input line 28.
LaTeX Font Info:    Overwriting symbol font `largesymbols' in version `bold'
(Font)                  OMX/cmex/m/n --> OMX/lmex/m/n on input line 29.
LaTeX Font Info:    Overwriting math alphabet `\mathbf' in version `normal'
(Font)                  OT1/cmr/bx/n --> OT1/lmr/bx/n on input line 31.
LaTeX Font Info:    Overwriting math alphabet `\mathsf' in version `normal'
(Font)                  OT1/cmss/m/n --> OT1/lmss/m/n on input line 32.
LaTeX Font Info:    Overwriting math alphabet `\mathit' in version `normal'
(Font)                  OT1/cmr/m/it --> OT1/lmr/m/it on input line 33.
LaTeX Font Info:    Overwriting math alphabet `\mathtt' in version `normal'
(Font)                  OT1/cmtt/m/n --> OT1/lmtt/m/n on input line 34.
LaTeX Font Info:    Overwriting math alphabet `\mathbf' in version `bold'
(Font)                  OT1/cmr/bx/n --> OT1/lmr/bx/n on input line 35.
LaTeX Font Info:    Overwriting math alphabet `\mathsf' in version `bold'
(Font)                  OT1/cmss/bx/n --> OT1/lmss/bx/n on input line 36.
LaTeX Font Info:    Overwriting math alphabet `\mathit' in version `bold'
(Font)                  OT1/cmr/bx/it --> OT1/lmr/bx/it on input line 37.
LaTeX Font Info:    Overwriting math alphabet `\mathtt' in version `bold'
(Font)                  OT1/cmtt/m/n --> OT1/lmtt/m/n on input line 38.
)
(C:\Users\JuniorJ\AppData\Local\Programs\MiKTeX\tex/latex/multirow\multirow.sty
Package: multirow 2021/03/15 v2.8 Span multiple rows of a table
\multirow@colwidth=\skip81
\multirow@cntb=\count441
\multirow@dima=\skip82
\bigstrutjot=\dimen361
) (C:\Users\JuniorJ\AppData\Local\Programs\MiKTeX\tex/latex/tools\multicol.sty
Package: multicol 2021/11/30 v1.9d multicolumn formatting (FMi)
\c@tracingmulticols=\count442
\mult@box=\box91
\multicol@leftmargin=\dimen362
\c@unbalance=\count443
\c@collectmore=\count444
\doublecol@number=\count445
\multicoltolerance=\count446
\multicolpretolerance=\count447
\full@width=\dimen363
\page@free=\dimen364
\premulticols=\dimen365
\postmulticols=\dimen366
\multicolsep=\skip83
\multicolbaselineskip=\skip84
\partial@page=\box92
\last@line=\box93
\maxbalancingoverflow=\dimen367
\mult@rightbox=\box94
\mult@grightbox=\box95
\mult@firstbox=\box96
\mult@gfirstbox=\box97
\@tempa=\box98
\@tempa=\box99
\@tempa=\box100
\@tempa=\box101
\@tempa=\box102
\@tempa=\box103
\@tempa=\box104
\@tempa=\box105
\@tempa=\box106
\@tempa=\box107
\@tempa=\box108
\@tempa=\box109
\@tempa=\box110
\@tempa=\box111
\@tempa=\box112
\@tempa=\box113
\@tempa=\box114
\@tempa=\box115
\@tempa=\box116
\@tempa=\box117
\@tempa=\box118
\@tempa=\box119
\@tempa=\box120
\@tempa=\box121
\@tempa=\box122
\@tempa=\box123
\@tempa=\box124
\@tempa=\box125
\@tempa=\box126
\@tempa=\box127
\@tempa=\box128
\@tempa=\box129
\@tempa=\box130
\@tempa=\box131
\@tempa=\box132
\@tempa=\box133
\c@minrows=\count448
\c@columnbadness=\count449
\c@finalcolumnbadness=\count450
\last@try=\dimen368
\multicolovershoot=\dimen369
\multicolundershoot=\dimen370
\mult@nat@firstbox=\box134
\colbreak@box=\box135
\mc@col@check@num=\count451
)
(C:\Users\JuniorJ\AppData\Local\Programs\MiKTeX\tex/latex/listings\listings.sty
\lst@mode=\count452
\lst@gtempboxa=\box136
\lst@token=\toks65
\lst@length=\count453
\lst@currlwidth=\dimen371
\lst@column=\count454
\lst@pos=\count455
\lst@lostspace=\dimen372
\lst@width=\dimen373
\lst@newlines=\count456
\lst@lineno=\count457
\lst@maxwidth=\dimen374
(C:\Users\JuniorJ\AppData\Local\Programs\MiKTeX\tex/latex/listings\lstmisc.sty
File: lstmisc.sty 2023/02/27 1.9 (Carsten Heinz)
\c@lstnumber=\count458
\lst@skipnumbers=\count459
\lst@framebox=\box137
)
(C:\Users\JuniorJ\AppData\Local\Programs\MiKTeX\tex/latex/listings\listings.cfg
File: listings.cfg 2023/02/27 1.9 listings configuration
))
Package: listings 2023/02/27 1.9 (Carsten Heinz)

(C:\Users\JuniorJ\AppData\Local\Programs\MiKTeX\tex/latex/tools\longtable.sty
Package: longtable 2021-09-01 v4.17 Multi-page Table package (DPC)
\LTleft=\skip85
\LTright=\skip86
\LTpre=\skip87
\LTpost=\skip88
\LTchunksize=\count460
\LTcapwidth=\dimen375
\LT@head=\box138
\LT@firsthead=\box139
\LT@foot=\box140
\LT@lastfoot=\box141
\LT@gbox=\box142
\LT@cols=\count461
\LT@rows=\count462
\c@LT@tables=\count463
\c@LT@chunks=\count464
\LT@p@ftn=\toks66
)
LaTeX Font Info:    Trying to load font information for T1+lmss on input line 6
6.

(C:\Users\JuniorJ\AppData\Local\Programs\MiKTeX\tex/latex/lm\t1lmss.fd
File: t1lmss.fd 2015/05/01 v1.6.1 Font defs for Latin Modern
)
(Clase_Series.aux
LaTeX Info: Redefining \. on input line 22.
LaTeX Info: Redefining \% on input line 22.
)
\openout1 = `Clase_Series.aux'.

LaTeX Font Info:    Checking defaults for OML/cmm/m/it on input line 66.
LaTeX Font Info:    ... okay on input line 66.
LaTeX Font Info:    Checking defaults for OMS/cmsy/m/n on input line 66.
LaTeX Font Info:    ... okay on input line 66.
LaTeX Font Info:    Checking defaults for OT1/cmr/m/n on input line 66.
LaTeX Font Info:    ... okay on input line 66.
LaTeX Font Info:    Checking defaults for T1/cmr/m/n on input line 66.
LaTeX Font Info:    ... okay on input line 66.
LaTeX Font Info:    Checking defaults for TS1/cmr/m/n on input line 66.
LaTeX Font Info:    ... okay on input line 66.
LaTeX Font Info:    Checking defaults for OMX/cmex/m/n on input line 66.
LaTeX Font Info:    ... okay on input line 66.
LaTeX Font Info:    Checking defaults for U/cmr/m/n on input line 66.
LaTeX Font Info:    ... okay on input line 66.
LaTeX Font Info:    Checking defaults for PD1/pdf/m/n on input line 66.
LaTeX Font Info:    ... okay on input line 66.
LaTeX Font Info:    Checking defaults for PU/pdf/m/n on input line 66.
LaTeX Font Info:    ... okay on input line 66.

*geometry* driver: auto-detecting
*geometry* detected driver: pdftex
*geometry* verbose mode - [ preamble ] result:
* driver: pdftex
* paper: custom
* layout: <same size as paper>
* layoutoffset:(h,v)=(0.0pt,0.0pt)
* modes: includehead includefoot 
* h-part:(L,W,R)=(25.60747pt, 318.67097pt, 19.91692pt)
* v-part:(T,H,B)=(0.0pt, 273.14662pt, 0.0pt)
* \paperwidth=364.19536pt
* \paperheight=273.14662pt
* \textwidth=318.67097pt
* \textheight=244.6939pt
* \oddsidemargin=-46.66252pt
* \evensidemargin=-46.66252pt
* \topmargin=-72.26999pt
* \headheight=14.22636pt
* \headsep=0.0pt
* \topskip=10.0pt
* \footskip=14.22636pt
* \marginparwidth=3.0pt
* \marginparsep=11.0pt
* \columnsep=10.0pt
* \skip\footins=9.0pt plus 4.0pt minus 2.0pt
* \hoffset=0.0pt
* \voffset=0.0pt
* \mag=1000
* \@twocolumnfalse
* \@twosidefalse
* \@mparswitchfalse
* \@reversemarginfalse
* (1in=72.27pt=25.4mm, 1cm=28.453pt)


(C:\Users\JuniorJ\AppData\Local\Programs\MiKTeX\tex/context/base/mkii\supp-pdf.
mkii
[Loading MPS to PDF converter (version 2006.09.02).]
\scratchcounter=\count465
\scratchdimen=\dimen376
\scratchbox=\box143
\nofMPsegments=\count466
\nofMParguments=\count467
\everyMPshowfont=\toks67
\MPscratchCnt=\count468
\MPscratchDim=\dimen377
\MPnumerator=\count469
\makeMPintoPDFobject=\count470
\everyMPtoPDFconversion=\toks68
)
(C:\Users\JuniorJ\AppData\Local\Programs\MiKTeX\tex/latex/epstopdf-pkg\epstopdf
-base.sty
Package: epstopdf-base 2020-01-24 v2.11 Base part for package epstopdf
Package epstopdf-base Info: Redefining graphics rule for `.eps' on input line 4
85.

(C:\Users\JuniorJ\AppData\Local\Programs\MiKTeX\tex/latex/00miktex\epstopdf-sys
.cfg
File: epstopdf-sys.cfg 2021/03/18 v2.0 Configuration of epstopdf for MiKTeX
))
Package hyperref Info: Link coloring OFF on input line 66.
 (Clase_Series.out) (Clase_Series.out)
\@outlinefile=\write6
\openout6 = `Clase_Series.out'.

LaTeX Font Info:    Overwriting symbol font `operators' in version `normal'
(Font)                  OT1/lmr/m/n --> OT1/cmss/m/n on input line 66.
LaTeX Font Info:    Overwriting symbol font `operators' in version `bold'
(Font)                  OT1/lmr/bx/n --> OT1/cmss/b/n on input line 66.
LaTeX Font Info:    Overwriting symbol font `operators' in version `normal'
(Font)                  OT1/cmss/m/n --> OT1/lmss/m/n on input line 66.
LaTeX Font Info:    Overwriting symbol font `operators' in version `bold'
(Font)                  OT1/cmss/b/n --> OT1/lmss/b/n on input line 66.
\symnumbers=\mathgroup7
\sympureletters=\mathgroup8
LaTeX Font Info:    Overwriting math alphabet `\mathrm' in version `normal'
(Font)                  OT1/lmss/m/n --> T1/lmr/m/n on input line 66.
LaTeX Font Info:    Redeclaring math alphabet \mathbf on input line 66.
LaTeX Font Info:    Overwriting math alphabet `\mathbf' in version `normal'
(Font)                  OT1/lmr/bx/n --> T1/lmss/b/n on input line 66.
LaTeX Font Info:    Overwriting math alphabet `\mathbf' in version `bold'
(Font)                  OT1/lmr/bx/n --> T1/lmss/b/n on input line 66.
LaTeX Font Info:    Redeclaring math alphabet \mathsf on input line 66.
LaTeX Font Info:    Overwriting math alphabet `\mathsf' in version `normal'
(Font)                  OT1/lmss/m/n --> T1/lmss/m/n on input line 66.
LaTeX Font Info:    Overwriting math alphabet `\mathsf' in version `bold'
(Font)                  OT1/lmss/bx/n --> T1/lmss/m/n on input line 66.
LaTeX Font Info:    Redeclaring math alphabet \mathit on input line 66.
LaTeX Font Info:    Overwriting math alphabet `\mathit' in version `normal'
(Font)                  OT1/lmr/m/it --> T1/lmss/m/it on input line 66.
LaTeX Font Info:    Overwriting math alphabet `\mathit' in version `bold'
(Font)                  OT1/lmr/bx/it --> T1/lmss/m/it on input line 66.
LaTeX Font Info:    Redeclaring math alphabet \mathtt on input line 66.
LaTeX Font Info:    Overwriting math alphabet `\mathtt' in version `normal'
(Font)                  OT1/lmtt/m/n --> T1/lmtt/m/n on input line 66.
LaTeX Font Info:    Overwriting math alphabet `\mathtt' in version `bold'
(Font)                  OT1/lmtt/m/n --> T1/lmtt/m/n on input line 66.
LaTeX Font Info:    Overwriting symbol font `numbers' in version `bold'
(Font)                  T1/lmss/m/n --> T1/lmss/b/n on input line 66.
LaTeX Font Info:    Overwriting symbol font `pureletters' in version `bold'
(Font)                  T1/lmss/m/it --> T1/lmss/b/it on input line 66.
LaTeX Font Info:    Overwriting math alphabet `\mathrm' in version `bold'
(Font)                  OT1/lmss/b/n --> T1/lmr/b/n on input line 66.
LaTeX Font Info:    Overwriting math alphabet `\mathbf' in version `bold'
(Font)                  T1/lmss/b/n --> T1/lmss/b/n on input line 66.
LaTeX Font Info:    Overwriting math alphabet `\mathsf' in version `bold'
(Font)                  T1/lmss/m/n --> T1/lmss/b/n on input line 66.
LaTeX Font Info:    Overwriting math alphabet `\mathit' in version `bold'
(Font)                  T1/lmss/m/it --> T1/lmss/b/it on input line 66.
LaTeX Font Info:    Overwriting math alphabet `\mathtt' in version `bold'
(Font)                  T1/lmtt/m/n --> T1/lmtt/b/n on input line 66.

(C:\Users\JuniorJ\AppData\Local\Programs\MiKTeX\tex/latex/translator\translator
-basic-dictionary-English.dict
Dictionary: translator-basic-dictionary, Language: English 
)
(C:\Users\JuniorJ\AppData\Local\Programs\MiKTeX\tex/latex/translator\translator
-bibliography-dictionary-English.dict
Dictionary: translator-bibliography-dictionary, Language: English 
)
(C:\Users\JuniorJ\AppData\Local\Programs\MiKTeX\tex/latex/translator\translator
-environment-dictionary-English.dict
Dictionary: translator-environment-dictionary, Language: English 
)
(C:\Users\JuniorJ\AppData\Local\Programs\MiKTeX\tex/latex/translator\translator
-months-dictionary-English.dict
Dictionary: translator-months-dictionary, Language: English 
)
(C:\Users\JuniorJ\AppData\Local\Programs\MiKTeX\tex/latex/translator\translator
-numbers-dictionary-English.dict
Dictionary: translator-numbers-dictionary, Language: English 
)
(C:\Users\JuniorJ\AppData\Local\Programs\MiKTeX\tex/latex/translator\translator
-theorem-dictionary-English.dict
Dictionary: translator-theorem-dictionary, Language: English 
)
(C:\Users\JuniorJ\AppData\Local\Programs\MiKTeX\tex/latex/ucs\ucsencs.def
File: ucsencs.def 2011/01/21 Fixes to fontencodings LGR, T3
)
LaTeX Info: Redefining \. on input line 66.
LaTeX Info: Redefining \% on input line 66.
LaTeX Font Info:    Trying to load font information for OT1+lmss on input line 
66.

(C:\Users\JuniorJ\AppData\Local\Programs\MiKTeX\tex/latex/lm\ot1lmss.fd
File: ot1lmss.fd 2015/05/01 v1.6.1 Font defs for Latin Modern
)
LaTeX Font Info:    Trying to load font information for OML+lmm on input line 6
6.

(C:\Users\JuniorJ\AppData\Local\Programs\MiKTeX\tex/latex/lm\omllmm.fd
File: omllmm.fd 2015/05/01 v1.6.1 Font defs for Latin Modern
)
LaTeX Font Info:    Trying to load font information for OMS+lmsy on input line 
66.

(C:\Users\JuniorJ\AppData\Local\Programs\MiKTeX\tex/latex/lm\omslmsy.fd
File: omslmsy.fd 2015/05/01 v1.6.1 Font defs for Latin Modern
)
LaTeX Font Info:    Trying to load font information for OMX+lmex on input line 
66.

(C:\Users\JuniorJ\AppData\Local\Programs\MiKTeX\tex/latex/lm\omxlmex.fd
File: omxlmex.fd 2015/05/01 v1.6.1 Font defs for Latin Modern
)
LaTeX Font Info:    External font `lmex10' loaded for size
(Font)              <10> on input line 66.
LaTeX Font Info:    External font `lmex10' loaded for size
(Font)              <7> on input line 66.
LaTeX Font Info:    External font `lmex10' loaded for size
(Font)              <5> on input line 66.
LaTeX Font Info:    Trying to load font information for U+msa on input line 66.


(C:\Users\JuniorJ\AppData\Local\Programs\MiKTeX\tex/latex/amsfonts\umsa.fd
File: umsa.fd 2013/01/14 v3.01 AMS symbols A
)
LaTeX Font Info:    Trying to load font information for U+msb on input line 66.


(C:\Users\JuniorJ\AppData\Local\Programs\MiKTeX\tex/latex/amsfonts\umsb.fd
File: umsb.fd 2013/01/14 v3.01 AMS symbols B
)
LaTeX Font Info:    Trying to load font information for U+wasy on input line 66
.

(C:\Users\JuniorJ\AppData\Local\Programs\MiKTeX\tex/latex/wasysym\uwasy.fd
File: uwasy.fd 2020/01/19 v2.4 Wasy-2 symbol font definitions
)
LaTeX Font Info:    Font shape `T1/lmss/m/it' in size <10> not available
(Font)              Font shape `T1/lmss/m/sl' tried instead on input line 66.
LaTeX Font Info:    Font shape `T1/lmss/m/it' in size <7> not available
(Font)              Font shape `T1/lmss/m/sl' tried instead on input line 66.
LaTeX Font Info:    Font shape `T1/lmss/m/it' in size <5> not available
(Font)              Font shape `T1/lmss/m/sl' tried instead on input line 66.
Package xypdf Info: Line width: 0.39998pt on input line 66.
\c@lstlisting=\count471

(Clase_Series.nav)
Overfull \hbox (243.97282pt too wide) detected at line 66
  [] [] [] [] [] [] [] 
 []


Overfull \hbox (243.97282pt too wide) has occurred while \output is active
  [] [] [] [] [] [] [] 
 []

[1{C:/Users/JuniorJ/AppData/Local/MiKTeX/fonts/map/pdftex/pdftex.map}{C:/Users/
JuniorJ/AppData/Local/Programs/MiKTeX/fonts/enc/dvips/lm/lm-ec.enc}

 <./oxygen-header.png>] (Clase_Series.toc
LaTeX Info: Redefining \. on input line 1.
LaTeX Info: Redefining \% on input line 1.
)
Overfull \hbox (243.97282pt too wide) has occurred while \output is active
  [] [] [] [] [] [] [] 
 []

[2

] (Clase_Series.toc
LaTeX Info: Redefining \. on input line 1.
LaTeX Info: Redefining \% on input line 1.
)
Overfull \hbox (243.97282pt too wide) has occurred while \output is active
  [] [] [] [] [] [] [] 
 []

[3

] (Clase_Series.toc
LaTeX Info: Redefining \. on input line 1.
LaTeX Info: Redefining \% on input line 1.
)
Overfull \hbox (243.97282pt too wide) has occurred while \output is active
  [] [] [] [] [] [] [] 
 []

[4

]
Overfull \hbox (243.97282pt too wide) has occurred while \output is active
  [] [] [] [] [] [] [] 
 []

[5

]
\openout4 = `Clase_Series.vrb'.

 (Clase_Series.vrb)
Overfull \hbox (243.97282pt too wide) has occurred while \output is active
  [] [] [] [] [] [] [] 
 []

[6

] (Clase_Series.vrb)
Overfull \hbox (243.97282pt too wide) has occurred while \output is active
  [] [] [] [] [] [] [] 
 []

[7

]
Overfull \hbox (243.97282pt too wide) has occurred while \output is active
  [] [] [] [] [] [] [] 
 []

[8

{C:/Users/JuniorJ/AppData/Local/Programs/MiKTeX/fonts/enc/dvips/lm/lm-rm.enc}{C
:/Users/JuniorJ/AppData/Local/Programs/MiKTeX/fonts/enc/dvips/lm/lm-mathit.enc}
]
<Imagen1.JPG, id=363, 528.47438pt x 382.42876pt>
File: Imagen1.JPG Graphic file (type jpg)
<use Imagen1.JPG>
Package pdftex.def Info: Imagen1.JPG  used on input line 203.
(pdftex.def)             Requested size: 286.80193pt x 207.5413pt.

Overfull \vbox (2.67303pt too high) detected at line 203
 []


Overfull \hbox (243.97282pt too wide) has occurred while \output is active
  [] [] [] [] [] [] [] 
 []

[9

 <./Imagen1.JPG>]
Overfull \hbox (243.97282pt too wide) has occurred while \output is active
  [] [] [] [] [] [] [] 
 []

[10

]
Overfull \hbox (243.97282pt too wide) has occurred while \output is active
  [] [] [] [] [] [] [] 
 []

[11

] (Clase_Series.toc
LaTeX Info: Redefining \. on input line 1.
LaTeX Info: Redefining \% on input line 1.
)
Overfull \hbox (243.97282pt too wide) has occurred while \output is active
  [] [] [] [] [] [] [] 
 []

[12

]
Overfull \hbox (243.97282pt too wide) has occurred while \output is active
  [] [] [] [] [] [] [] 
 []

[13

{C:/Users/JuniorJ/AppData/Local/Programs/MiKTeX/fonts/enc/dvips/lm/lm-mathsy.en
c}]
\openout4 = `Clase_Series.vrb'.

 (Clase_Series.vrb
(C:\Users\JuniorJ\AppData\Local\Programs\MiKTeX\tex/latex/listings\lstlang1.sty
File: lstlang1.sty 2023/02/27 1.9 listings language file
)
(C:\Users\JuniorJ\AppData\Local\Programs\MiKTeX\tex/latex/listings\lstlang2.sty
File: lstlang2.sty 2023/02/27 1.9 listings language file
)
(C:\Users\JuniorJ\AppData\Local\Programs\MiKTeX\tex/latex/listings\lstlang3.sty
File: lstlang3.sty 2023/02/27 1.9 listings language file
)
LaTeX Font Info:    Trying to load font information for T1+lmtt on input line 5
.
 (C:\Users\JuniorJ\AppData\Local\Programs\MiKTeX\tex/latex/lm\t1lmtt.fd
File: t1lmtt.fd 2015/05/01 v1.6.1 Font defs for Latin Modern
)
<Imagen2.JPG, id=534, 539.01375pt x 279.29344pt>
File: Imagen2.JPG Graphic file (type jpg)
<use Imagen2.JPG>
Package pdftex.def Info: Imagen2.JPG  used on input line 13.
(pdftex.def)             Requested size: 286.80193pt x 148.60866pt.
)
Overfull \hbox (243.97282pt too wide) has occurred while \output is active
  [] [] [] [] [] [] [] 
 []

[14

 <./Imagen2.JPG>] (Clase_Series.vrb
File: Imagen2.JPG Graphic file (type jpg)
<use Imagen2.JPG>
Package pdftex.def Info: Imagen2.JPG  used on input line 13.
(pdftex.def)             Requested size: 286.80193pt x 148.60866pt.
)
Overfull \hbox (243.97282pt too wide) has occurred while \output is active
  [] [] [] [] [] [] [] 
 []

[15

]
\openout4 = `Clase_Series.vrb'.

 (Clase_Series.vrb
<Imagen3.JPG, id=596, 532.99126pt x 248.42813pt>
File: Imagen3.JPG Graphic file (type jpg)
<use Imagen3.JPG>
Package pdftex.def Info: Imagen3.JPG  used on input line 13.
(pdftex.def)             Requested size: 286.80193pt x 133.68292pt.
)
Overfull \hbox (243.97282pt too wide) has occurred while \output is active
  [] [] [] [] [] [] [] 
 []

[16

 <./Imagen3.JPG>] (Clase_Series.vrb
File: Imagen3.JPG Graphic file (type jpg)
<use Imagen3.JPG>
Package pdftex.def Info: Imagen3.JPG  used on input line 13.
(pdftex.def)             Requested size: 286.80193pt x 133.68292pt.
)
Overfull \hbox (243.97282pt too wide) has occurred while \output is active
  [] [] [] [] [] [] [] 
 []

[17

]
\openout4 = `Clase_Series.vrb'.

 (Clase_Series.vrb
<Imagen4.JPG, id=657, 539.01375pt x 275.52937pt>
File: Imagen4.JPG Graphic file (type jpg)
<use Imagen4.JPG>
Package pdftex.def Info: Imagen4.JPG  used on input line 13.
(pdftex.def)             Requested size: 286.80193pt x 146.60583pt.
)
Overfull \hbox (243.97282pt too wide) has occurred while \output is active
  [] [] [] [] [] [] [] 
 []

[18

 <./Imagen4.JPG>] (Clase_Series.vrb
File: Imagen4.JPG Graphic file (type jpg)
<use Imagen4.JPG>
Package pdftex.def Info: Imagen4.JPG  used on input line 13.
(pdftex.def)             Requested size: 286.80193pt x 146.60583pt.
)
Overfull \hbox (243.97282pt too wide) has occurred while \output is active
  [] [] [] [] [] [] [] 
 []

[19

]
\openout4 = `Clase_Series.vrb'.

 (Clase_Series.vrb
<Imagen5.JPG, id=719, 532.99126pt x 240.9pt>
File: Imagen5.JPG Graphic file (type jpg)
<use Imagen5.JPG>
Package pdftex.def Info: Imagen5.JPG  used on input line 13.
(pdftex.def)             Requested size: 286.80193pt x 129.63193pt.
)
Overfull \hbox (243.97282pt too wide) has occurred while \output is active
  [] [] [] [] [] [] [] 
 []

[20

 <./Imagen5.JPG>] (Clase_Series.vrb
File: Imagen5.JPG Graphic file (type jpg)
<use Imagen5.JPG>
Package pdftex.def Info: Imagen5.JPG  used on input line 13.
(pdftex.def)             Requested size: 286.80193pt x 129.63193pt.
)
Overfull \hbox (243.97282pt too wide) has occurred while \output is active
  [] [] [] [] [] [] [] 
 []

[21

]
\openout4 = `Clase_Series.vrb'.

 (Clase_Series.vrb)
Overfull \hbox (243.97282pt too wide) has occurred while \output is active
  [] [] [] [] [] [] [] 
 []

[22

] (Clase_Series.vrb)
Overfull \hbox (243.97282pt too wide) has occurred while \output is active
  [] [] [] [] [] [] [] 
 []

[23

] (Clase_Series.toc
LaTeX Info: Redefining \. on input line 1.
LaTeX Info: Redefining \% on input line 1.
)
Overfull \hbox (243.97282pt too wide) has occurred while \output is active
  [] [] [] [] [] [] [] 
 []

[24

]
\openout4 = `Clase_Series.vrb'.

 (Clase_Series.vrb)
Overfull \hbox (243.97282pt too wide) has occurred while \output is active
  [] [] [] [] [] [] [] 
 []

[25

] (Clase_Series.toc
LaTeX Info: Redefining \. on input line 1.
LaTeX Info: Redefining \% on input line 1.
)
Overfull \hbox (243.97282pt too wide) has occurred while \output is active
  [] [] [] [] [] [] [] 
 []

[26

]
\openout4 = `Clase_Series.vrb'.

 (Clase_Series.vrb
Underfull \hbox (badness 1038) in paragraph at lines 4--5
[]\T1/lmss/m/n/10 Una di-fe-ren-cia es-ta-cio-nal es la di-fe-ren-cia en-tre un
a ob-ser-va-cin y la
 []

)
Overfull \hbox (243.97282pt too wide) has occurred while \output is active
  [] [] [] [] [] [] [] 
 []

[27

]
\openout4 = `Clase_Series.vrb'.

 (Clase_Series.vrb
Underfull \hbox (badness 1552) in paragraph at lines 4--5
[]\T1/lmss/m/n/10 Analicemos la se-rie a10 (Ven-ta de me-di-ca-men-tos an-ti-di
a-b-ti-cos). Es
 []

<Imagen6.JPG, id=971, 496.10344pt x 298.86656pt>
File: Imagen6.JPG Graphic file (type jpg)
<use Imagen6.JPG>
Package pdftex.def Info: Imagen6.JPG  used on input line 18.
(pdftex.def)             Requested size: 223.0687pt x 134.3838pt.
)
Overfull \hbox (243.97282pt too wide) has occurred while \output is active
  [] [] [] [] [] [] [] 
 []

[28

 <./Imagen6.JPG>] (Clase_Series.vrb
Underfull \hbox (badness 1552) in paragraph at lines 4--5
[]\T1/lmss/m/n/10 Analicemos la se-rie a10 (Ven-ta de me-di-ca-men-tos an-ti-di
a-b-ti-cos). Es
 []

File: Imagen6.JPG Graphic file (type jpg)
<use Imagen6.JPG>
Package pdftex.def Info: Imagen6.JPG  used on input line 18.
(pdftex.def)             Requested size: 223.0687pt x 134.3838pt.
)
Overfull \hbox (243.97282pt too wide) has occurred while \output is active
  [] [] [] [] [] [] [] 
 []

[29

]
\openout4 = `Clase_Series.vrb'.

 (Clase_Series.vrb)
Overfull \hbox (243.97282pt too wide) has occurred while \output is active
  [] [] [] [] [] [] [] 
 []

[30

] (Clase_Series.vrb)
Overfull \hbox (243.97282pt too wide) has occurred while \output is active
  [] [] [] [] [] [] [] 
 []

[31

]
\openout4 = `Clase_Series.vrb'.

 (Clase_Series.vrb
<Imagen7.JPG, id=1093, 381.67593pt x 362.10281pt>
File: Imagen7.JPG Graphic file (type jpg)
<use Imagen7.JPG>
Package pdftex.def Info: Imagen7.JPG  used on input line 7.
(pdftex.def)             Requested size: 191.20453pt x 181.39903pt.
)
Overfull \hbox (243.97282pt too wide) has occurred while \output is active
  [] [] [] [] [] [] [] 
 []

[32

 <./Imagen7.JPG>]
\openout4 = `Clase_Series.vrb'.

 (Clase_Series.vrb)
Overfull \hbox (243.97282pt too wide) has occurred while \output is active
  [] [] [] [] [] [] [] 
 []

[33

]
\openout4 = `Clase_Series.vrb'.

 (Clase_Series.vrb
<Imagen8.JPG, id=1154, 322.95656pt x 399.74344pt>
File: Imagen8.JPG Graphic file (type jpg)
<use Imagen8.JPG>
Package pdftex.def Info: Imagen8.JPG  used on input line 7.
(pdftex.def)             Requested size: 159.33548pt x 197.2179pt.
)
Overfull \hbox (243.97282pt too wide) has occurred while \output is active
  [] [] [] [] [] [] [] 
 []

[34

 <./Imagen8.JPG>]
\openout4 = `Clase_Series.vrb'.

 (Clase_Series.vrb)
Overfull \hbox (243.97282pt too wide) has occurred while \output is active
  [] [] [] [] [] [] [] 
 []

[35

]
\openout4 = `Clase_Series.vrb'.

 (Clase_Series.vrb)
Overfull \hbox (243.97282pt too wide) has occurred while \output is active
  [] [] [] [] [] [] [] 
 []

[36

]
\openout4 = `Clase_Series.vrb'.

 (Clase_Series.vrb
LaTeX Font Info:    Font shape `T1/lmss/bx/it' in size <9> not available
(Font)              Font shape `T1/lmss/bx/sl' tried instead on input line 9.
)
Overfull \hbox (243.97282pt too wide) has occurred while \output is active
  [] [] [] [] [] [] [] 
 []

[37

] (Clase_Series.vrb)
Overfull \hbox (243.97282pt too wide) has occurred while \output is active
  [] [] [] [] [] [] [] 
 []

[38

] (Clase_Series.toc
LaTeX Info: Redefining \. on input line 1.
LaTeX Info: Redefining \% on input line 1.
)
Overfull \hbox (243.97282pt too wide) has occurred while \output is active
  [] [] [] [] [] [] [] 
 []

[39

]
\openout4 = `Clase_Series.vrb'.

 (Clase_Series.vrb)
Overfull \hbox (243.97282pt too wide) has occurred while \output is active
  [] [] [] [] [] [] [] 
 []

[40

]
\openout4 = `Clase_Series.vrb'.

 (Clase_Series.vrb
LaTeX Font Info:    External font `lmex10' loaded for size
(Font)              <9> on input line 33.
LaTeX Font Info:    External font `lmex10' loaded for size
(Font)              <6> on input line 33.
LaTeX Font Info:    Font shape `T1/lmss/m/it' in size <9> not available
(Font)              Font shape `T1/lmss/m/sl' tried instead on input line 33.
LaTeX Font Info:    Font shape `T1/lmss/m/it' in size <6> not available
(Font)              Font shape `T1/lmss/m/sl' tried instead on input line 33.
)
Overfull \hbox (243.97282pt too wide) has occurred while \output is active
  [] [] [] [] [] [] [] 
 []

[41

] (Clase_Series.vrb)
Overfull \hbox (243.97282pt too wide) has occurred while \output is active
  [] [] [] [] [] [] [] 
 []

[42

] (Clase_Series.vrb)
Overfull \hbox (243.97282pt too wide) has occurred while \output is active
  [] [] [] [] [] [] [] 
 []

[43

]
\openout4 = `Clase_Series.vrb'.

 (Clase_Series.vrb)
Overfull \hbox (243.97282pt too wide) has occurred while \output is active
  [] [] [] [] [] [] [] 
 []

[44

] (Clase_Series.vrb)
Overfull \hbox (243.97282pt too wide) has occurred while \output is active
  [] [] [] [] [] [] [] 
 []

[45

] (Clase_Series.vrb)
Overfull \hbox (243.97282pt too wide) has occurred while \output is active
  [] [] [] [] [] [] [] 
 []

[46

]
\openout4 = `Clase_Series.vrb'.

 (Clase_Series.vrb)
Overfull \hbox (243.97282pt too wide) has occurred while \output is active
  [] [] [] [] [] [] [] 
 []

[47

] (Clase_Series.vrb)
Overfull \hbox (243.97282pt too wide) has occurred while \output is active
  [] [] [] [] [] [] [] 
 []

[48

] (Clase_Series.vrb)
Overfull \hbox (243.97282pt too wide) has occurred while \output is active
  [] [] [] [] [] [] [] 
 []

[49

]
\openout4 = `Clase_Series.vrb'.

 (Clase_Series.vrb)
Overfull \hbox (243.97282pt too wide) has occurred while \output is active
  [] [] [] [] [] [] [] 
 []

[50

] (Clase_Series.vrb)
Overfull \hbox (243.97282pt too wide) has occurred while \output is active
  [] [] [] [] [] [] [] 
 []

[51

] (Clase_Series.vrb)
Overfull \hbox (243.97282pt too wide) has occurred while \output is active
  [] [] [] [] [] [] [] 
 []

[52

]
\openout4 = `Clase_Series.vrb'.

 (Clase_Series.vrb)
Overfull \hbox (243.97282pt too wide) has occurred while \output is active
  [] [] [] [] [] [] [] 
 []

[53

]
\openout4 = `Clase_Series.vrb'.

 (Clase_Series.vrb)
Overfull \hbox (243.97282pt too wide) has occurred while \output is active
  [] [] [] [] [] [] [] 
 []

[54

] (Clase_Series.vrb)
Overfull \hbox (243.97282pt too wide) has occurred while \output is active
  [] [] [] [] [] [] [] 
 []

[55

] (Clase_Series.vrb)
Overfull \hbox (243.97282pt too wide) has occurred while \output is active
  [] [] [] [] [] [] [] 
 []

[56

] (Clase_Series.toc
LaTeX Info: Redefining \. on input line 1.
LaTeX Info: Redefining \% on input line 1.
)
Overfull \hbox (243.97282pt too wide) has occurred while \output is active
  [] [] [] [] [] [] [] 
 []

[57

]
\openout4 = `Clase_Series.vrb'.

 (Clase_Series.vrb)
Overfull \hbox (243.97282pt too wide) has occurred while \output is active
  [] [] [] [] [] [] [] 
 []

[58

]
\openout4 = `Clase_Series.vrb'.

 (Clase_Series.vrb
<Imagen9.JPG, id=2101, 511.15968pt x 237.88875pt>
File: Imagen9.JPG Graphic file (type jpg)
<use Imagen9.JPG>
Package pdftex.def Info: Imagen9.JPG  used on input line 11.
(pdftex.def)             Requested size: 191.20453pt x 88.983pt.
)
Overfull \hbox (243.97282pt too wide) has occurred while \output is active
  [] [] [] [] [] [] [] 
 []

[59

 <./Imagen9.JPG>]
\openout4 = `Clase_Series.vrb'.

 (Clase_Series.vrb)
Overfull \hbox (243.97282pt too wide) has occurred while \output is active
  [] [] [] [] [] [] [] 
 []

[60

]
\openout4 = `Clase_Series.vrb'.

 (Clase_Series.vrb)
Overfull \hbox (243.97282pt too wide) has occurred while \output is active
  [] [] [] [] [] [] [] 
 []

[61

] (Clase_Series.toc
LaTeX Info: Redefining \. on input line 1.
LaTeX Info: Redefining \% on input line 1.
)
Overfull \hbox (243.97282pt too wide) has occurred while \output is active
  [] [] [] [] [] [] [] 
 []

[62

]
\openout4 = `Clase_Series.vrb'.

 (Clase_Series.vrb)
Overfull \hbox (243.97282pt too wide) has occurred while \output is active
  [] [] [] [] [] [] [] 
 []

[63

]
\openout4 = `Clase_Series.vrb'.

 (Clase_Series.vrb
<Imagen10.JPG, id=2277, 520.19344pt x 237.88875pt>
File: Imagen10.JPG Graphic file (type jpg)
<use Imagen10.JPG>
Package pdftex.def Info: Imagen10.JPG  used on input line 12.
(pdftex.def)             Requested size: 159.33548pt x 72.86267pt.
)
Overfull \hbox (243.97282pt too wide) has occurred while \output is active
  [] [] [] [] [] [] [] 
 []

[64

 <./Imagen10.JPG>] (Clase_Series.vrb
File: Imagen10.JPG Graphic file (type jpg)
<use Imagen10.JPG>
Package pdftex.def Info: Imagen10.JPG  used on input line 12.
(pdftex.def)             Requested size: 159.33548pt x 72.86267pt.
)
Overfull \hbox (243.97282pt too wide) has occurred while \output is active
  [] [] [] [] [] [] [] 
 []

[65

]
\openout4 = `Clase_Series.vrb'.

 (Clase_Series.vrb)
LaTeX Font Info:    External font `lmex10' loaded for size
(Font)              <14.4> on input line 1195.
LaTeX Font Info:    Font shape `T1/lmss/m/it' in size <14.4> not available
(Font)              Font shape `T1/lmss/m/sl' tried instead on input line 1195.


Overfull \hbox (243.97282pt too wide) has occurred while \output is active
  [] [] [] [] [] [] [] 
 []

[66

]
\openout4 = `Clase_Series.vrb'.

 (Clase_Series.vrb)
Overfull \hbox (243.97282pt too wide) has occurred while \output is active
  [] [] [] [] [] [] [] 
 []

[67

]
\openout4 = `Clase_Series.vrb'.

 (Clase_Series.vrb)
Overfull \hbox (243.97282pt too wide) has occurred while \output is active
  [] [] [] [] [] [] [] 
 []

[68

{C:/Users/JuniorJ/AppData/Local/Programs/MiKTeX/fonts/enc/dvips/lm/lm-mathex.en
c}]
\openout4 = `Clase_Series.vrb'.

 (Clase_Series.vrb)
Overfull \hbox (243.97282pt too wide) has occurred while \output is active
  [] [] [] [] [] [] [] 
 []

[69

] (Clase_Series.toc
LaTeX Info: Redefining \. on input line 1.
LaTeX Info: Redefining \% on input line 1.
)
Overfull \hbox (243.97282pt too wide) has occurred while \output is active
  [] [] [] [] [] [] [] 
 []

[70

]
\openout4 = `Clase_Series.vrb'.

 (Clase_Series.vrb)
Overfull \hbox (243.97282pt too wide) has occurred while \output is active
  [] [] [] [] [] [] [] 
 []

[71

]
\openout4 = `Clase_Series.vrb'.

 (Clase_Series.vrb)
Overfull \hbox (243.97282pt too wide) has occurred while \output is active
  [] [] [] [] [] [] [] 
 []

[72

]
\openout4 = `Clase_Series.vrb'.

 (Clase_Series.vrb
<Imagen11.JPG, id=2591, 493.845pt x 243.15843pt>
File: Imagen11.JPG Graphic file (type jpg)
<use Imagen11.JPG>
Package pdftex.def Info: Imagen11.JPG  used on input line 18.
(pdftex.def)             Requested size: 223.0687pt x 109.83212pt.
)
Overfull \hbox (243.97282pt too wide) has occurred while \output is active
  [] [] [] [] [] [] [] 
 []

[73

 <./Imagen11.JPG>] (Clase_Series.vrb
File: Imagen11.JPG Graphic file (type jpg)
<use Imagen11.JPG>
Package pdftex.def Info: Imagen11.JPG  used on input line 18.
(pdftex.def)             Requested size: 223.0687pt x 109.83212pt.
)
Overfull \hbox (243.97282pt too wide) has occurred while \output is active
  [] [] [] [] [] [] [] 
 []

[74

]
\openout4 = `Clase_Series.vrb'.

 (Clase_Series.vrb)
Overfull \hbox (243.97282pt too wide) has occurred while \output is active
  [] [] [] [] [] [] [] 
 []

[75

] (Clase_Series.vrb)
Overfull \hbox (243.97282pt too wide) has occurred while \output is active
  [] [] [] [] [] [] [] 
 []

[76

]
\openout4 = `Clase_Series.vrb'.

 (Clase_Series.vrb)
Overfull \hbox (243.97282pt too wide) has occurred while \output is active
  [] [] [] [] [] [] [] 
 []

[77

] (Clase_Series.vrb)
Overfull \hbox (243.97282pt too wide) has occurred while \output is active
  [] [] [] [] [] [] [] 
 []

[78

]
\openout4 = `Clase_Series.vrb'.

 (Clase_Series.vrb
<Imagen12.JPG, id=2794, 528.47438pt x 280.04625pt>
File: Imagen12.JPG Graphic file (type jpg)
<use Imagen12.JPG>
Package pdftex.def Info: Imagen12.JPG  used on input line 15.
(pdftex.def)             Requested size: 223.0687pt x 118.20403pt.
)
Overfull \hbox (243.97282pt too wide) has occurred while \output is active
  [] [] [] [] [] [] [] 
 []

[79

 <./Imagen12.JPG>] (Clase_Series.vrb
File: Imagen12.JPG Graphic file (type jpg)
<use Imagen12.JPG>
Package pdftex.def Info: Imagen12.JPG  used on input line 15.
(pdftex.def)             Requested size: 223.0687pt x 118.20403pt.
)
Overfull \hbox (243.97282pt too wide) has occurred while \output is active
  [] [] [] [] [] [] [] 
 []

[80

]
\openout4 = `Clase_Series.vrb'.

 (Clase_Series.vrb
<Imagen13.JPG, id=2855, 291.0072pt x 137.313pt>
File: Imagen13.JPG Graphic file (type jpg)
<use Imagen13.JPG>
Package pdftex.def Info: Imagen13.JPG  used on input line 9.
(pdftex.def)             Requested size: 191.20453pt x 90.22247pt.
)
Overfull \hbox (243.97282pt too wide) has occurred while \output is active
  [] [] [] [] [] [] [] 
 []

[81

 <./Imagen13.JPG>] (Clase_Series.toc
LaTeX Info: Redefining \. on input line 1.
LaTeX Info: Redefining \% on input line 1.
)
Overfull \hbox (243.97282pt too wide) has occurred while \output is active
  [] [] [] [] [] [] [] 
 []

[82

]
\openout4 = `Clase_Series.vrb'.

 (Clase_Series.vrb)
Overfull \hbox (243.97282pt too wide) has occurred while \output is active
  [] [] [] [] [] [] [] 
 []

[83

]
\openout4 = `Clase_Series.vrb'.

 (Clase_Series.vrb)
Overfull \hbox (243.97282pt too wide) has occurred while \output is active
  [] [] [] [] [] [] [] 
 []

[84

]
\openout4 = `Clase_Series.vrb'.

 (Clase_Series.vrb
<Imagen14.JPG, id=2977, 502.12593pt x 234.8775pt>
File: Imagen14.JPG Graphic file (type jpg)
<use Imagen14.JPG>
Package pdftex.def Info: Imagen14.JPG  used on input line 16.
(pdftex.def)             Requested size: 254.93774pt x 119.25192pt.
)
Overfull \hbox (243.97282pt too wide) has occurred while \output is active
  [] [] [] [] [] [] [] 
 []

[85

 <./Imagen14.JPG>] (Clase_Series.vrb
File: Imagen14.JPG Graphic file (type jpg)
<use Imagen14.JPG>
Package pdftex.def Info: Imagen14.JPG  used on input line 16.
(pdftex.def)             Requested size: 254.93774pt x 119.25192pt.
)
Overfull \hbox (243.97282pt too wide) has occurred while \output is active
  [] [] [] [] [] [] [] 
 []

[86

]
\openout4 = `Clase_Series.vrb'.

 (Clase_Series.vrb)
Overfull \hbox (243.97282pt too wide) has occurred while \output is active
  [] [] [] [] [] [] [] 
 []

[87

] (Clase_Series.vrb)
Overfull \hbox (243.97282pt too wide) has occurred while \output is active
  [] [] [] [] [] [] [] 
 []

[88

]
\openout4 = `Clase_Series.vrb'.

 (Clase_Series.vrb
File: Imagen14.JPG Graphic file (type jpg)
<use Imagen14.JPG>
Package pdftex.def Info: Imagen14.JPG  used on input line 6.
(pdftex.def)             Requested size: 159.33548pt x 74.53156pt.
)
Overfull \hbox (243.97282pt too wide) has occurred while \output is active
  [] [] [] [] [] [] [] 
 []

[89

]
\openout4 = `Clase_Series.vrb'.

 (Clase_Series.vrb
Underfull \hbox (badness 1394) in paragraph at lines 28--29
\T1/lmss/m/n/9 au-to.arima(,con un va-lor AICc de 340.67 en com-pa-ra-cin con 
342.08. La
 []

)
Overfull \hbox (243.97282pt too wide) has occurred while \output is active
  [] [] [] [] [] [] [] 
 []

[90

] (Clase_Series.vrb
Underfull \hbox (badness 1394) in paragraph at lines 28--29
\T1/lmss/m/n/9 au-to.arima(,con un va-lor AICc de 340.67 en com-pa-ra-cin con 
342.08. La
 []

)
Overfull \hbox (243.97282pt too wide) has occurred while \output is active
  [] [] [] [] [] [] [] 
 []

[91

] (Clase_Series.vrb
Underfull \hbox (badness 1394) in paragraph at lines 28--29
\T1/lmss/m/n/9 au-to.arima(,con un va-lor AICc de 340.67 en com-pa-ra-cin con 
342.08. La
 []

)
Overfull \hbox (243.97282pt too wide) has occurred while \output is active
  [] [] [] [] [] [] [] 
 []

[92

]
\openout4 = `Clase_Series.vrb'.

 (Clase_Series.vrb
<Imagen15.JPG, id=3220, 489.32813pt x 297.36093pt>
File: Imagen15.JPG Graphic file (type jpg)
<use Imagen15.JPG>
Package pdftex.def Info: Imagen15.JPG  used on input line 14.
(pdftex.def)             Requested size: 254.93774pt x 154.92802pt.
)
Overfull \hbox (243.97282pt too wide) has occurred while \output is active
  [] [] [] [] [] [] [] 
 []

[93

 <./Imagen15.JPG>] (Clase_Series.vrb
File: Imagen15.JPG Graphic file (type jpg)
<use Imagen15.JPG>
Package pdftex.def Info: Imagen15.JPG  used on input line 14.
(pdftex.def)             Requested size: 254.93774pt x 154.92802pt.
)
Overfull \hbox (243.97282pt too wide) has occurred while \output is active
  [] [] [] [] [] [] [] 
 []

[94

]
\openout4 = `Clase_Series.vrb'.

 (Clase_Series.vrb)
Overfull \hbox (243.97282pt too wide) has occurred while \output is active
  [] [] [] [] [] [] [] 
 []

[95

]
\openout4 = `Clase_Series.vrb'.

 (Clase_Series.vrb)
Overfull \hbox (243.97282pt too wide) has occurred while \output is active
  [] [] [] [] [] [] [] 
 []

[96

]
\openout4 = `Clase_Series.vrb'.

 (Clase_Series.vrb
<Imagen16.JPG, id=3341, 539.01375pt x 249.93375pt>
File: Imagen16.JPG Graphic file (type jpg)
<use Imagen16.JPG>
Package pdftex.def Info: Imagen16.JPG  used on input line 19.
(pdftex.def)             Requested size: 254.93774pt x 118.21254pt.
)
Overfull \hbox (243.97282pt too wide) has occurred while \output is active
  [] [] [] [] [] [] [] 
 []

[97

 <./Imagen16.JPG>] (Clase_Series.vrb
File: Imagen16.JPG Graphic file (type jpg)
<use Imagen16.JPG>
Package pdftex.def Info: Imagen16.JPG  used on input line 19.
(pdftex.def)             Requested size: 254.93774pt x 118.21254pt.
)
Overfull \hbox (243.97282pt too wide) has occurred while \output is active
  [] [] [] [] [] [] [] 
 []

[98

]
\openout4 = `Clase_Series.vrb'.

 (Clase_Series.vrb)
Overfull \hbox (243.97282pt too wide) has occurred while \output is active
  [] [] [] [] [] [] [] 
 []

[99

]
\openout4 = `Clase_Series.vrb'.

 (Clase_Series.vrb
<Imagen17.JPG, id=3433, 505.89pt x 297.36093pt>
File: Imagen17.JPG Graphic file (type jpg)
<use Imagen17.JPG>
Package pdftex.def Info: Imagen17.JPG  used on input line 13.
(pdftex.def)             Requested size: 254.93774pt x 149.85527pt.
)
Overfull \hbox (243.97282pt too wide) has occurred while \output is active
  [] [] [] [] [] [] [] 
 []

[100

 <./Imagen17.JPG>] (Clase_Series.vrb
File: Imagen17.JPG Graphic file (type jpg)
<use Imagen17.JPG>
Package pdftex.def Info: Imagen17.JPG  used on input line 13.
(pdftex.def)             Requested size: 254.93774pt x 149.85527pt.
)
Overfull \hbox (243.97282pt too wide) has occurred while \output is active
  [] [] [] [] [] [] [] 
 []

[101

]
\openout4 = `Clase_Series.vrb'.

 (Clase_Series.vrb)
Overfull \hbox (243.97282pt too wide) has occurred while \output is active
  [] [] [] [] [] [] [] 
 []

[102

]
\openout4 = `Clase_Series.vrb'.

 (Clase_Series.vrb)
Overfull \hbox (243.97282pt too wide) has occurred while \output is active
  [] [] [] [] [] [] [] 
 []

[103

] (Clase_Series.vrb)
Overfull \hbox (243.97282pt too wide) has occurred while \output is active
  [] [] [] [] [] [] [] 
 []

[104

]
\openout4 = `Clase_Series.vrb'.

 (Clase_Series.vrb
<Imagen18.JPG, id=3585, 777.6252pt x 305.4612pt>
File: Imagen18.JPG Graphic file (type jpg)
<use Imagen18.JPG>
Package pdftex.def Info: Imagen18.JPG  used on input line 16.
(pdftex.def)             Requested size: 254.93774pt x 100.14064pt.
)
Overfull \hbox (243.97282pt too wide) has occurred while \output is active
  [] [] [] [] [] [] [] 
 []

[105

 <./Imagen18.JPG>] (Clase_Series.vrb
File: Imagen18.JPG Graphic file (type jpg)
<use Imagen18.JPG>
Package pdftex.def Info: Imagen18.JPG  used on input line 16.
(pdftex.def)             Requested size: 254.93774pt x 100.14064pt.
)
Overfull \hbox (243.97282pt too wide) has occurred while \output is active
  [] [] [] [] [] [] [] 
 []

[106

]
\openout4 = `Clase_Series.vrb'.

 (Clase_Series.vrb
<Imagen19.JPG, id=3646, 511.15968pt x 325.96782pt>
File: Imagen19.JPG Graphic file (type jpg)
<use Imagen19.JPG>
Package pdftex.def Info: Imagen19.JPG  used on input line 14.
(pdftex.def)             Requested size: 223.0687pt x 142.24747pt.
)
Overfull \hbox (243.97282pt too wide) has occurred while \output is active
  [] [] [] [] [] [] [] 
 []

[107

 <./Imagen19.JPG>] (Clase_Series.vrb
File: Imagen19.JPG Graphic file (type jpg)
<use Imagen19.JPG>
Package pdftex.def Info: Imagen19.JPG  used on input line 14.
(pdftex.def)             Requested size: 223.0687pt x 142.24747pt.
)
Overfull \hbox (243.97282pt too wide) has occurred while \output is active
  [] [] [] [] [] [] [] 
 []

[108

]
\openout4 = `Clase_Series.vrb'.

 (Clase_Series.vrb
<Imagen20.JPG, id=3707, 517.18219pt x 277.035pt>
File: Imagen20.JPG Graphic file (type jpg)
<use Imagen20.JPG>
Package pdftex.def Info: Imagen20.JPG  used on input line 14.
(pdftex.def)             Requested size: 223.0687pt x 119.4905pt.
)
Overfull \hbox (243.97282pt too wide) has occurred while \output is active
  [] [] [] [] [] [] [] 
 []

[109

 <./Imagen20.JPG>] (Clase_Series.vrb
File: Imagen20.JPG Graphic file (type jpg)
<use Imagen20.JPG>
Package pdftex.def Info: Imagen20.JPG  used on input line 14.
(pdftex.def)             Requested size: 223.0687pt x 119.4905pt.
)
Overfull \hbox (243.97282pt too wide) has occurred while \output is active
  [] [] [] [] [] [] [] 
 []

[110

]
Overfull \hbox (243.97282pt too wide) has occurred while \output is active
  [] [] [] [] [] [] [] 
 []

[111

]
\tf@nav=\write7
\openout7 = `Clase_Series.nav'.

\tf@toc=\write8
\openout8 = `Clase_Series.toc'.

\tf@snm=\write9
\openout9 = `Clase_Series.snm'.

 (Clase_Series.aux
LaTeX Info: Redefining \. on input line 22.
LaTeX Info: Redefining \% on input line 22.
)
Package rerunfilecheck Info: File `Clase_Series.out' has not changed.
(rerunfilecheck)             Checksum: 2091953E60E1934E63BA715D18FA275F;1627.
 ) 
Here is how much of TeX's memory you used:
 35878 strings out of 476315
 709894 string characters out of 5786252
 1932068 words of memory out of 5000000
 55092 multiletter control sequences out of 15000+600000
 590535 words of font info for 102 fonts, out of 8000000 for 9000
 1141 hyphenation exceptions out of 8191
 128i,20n,122p,3245b,1877s stack positions out of 10000i,1000n,20000p,200000b,200000s
<C:/Users/JuniorJ/AppData/Local/Programs/MiKTeX/fonts/type1/public/lm/lmex10.
pfb><C:/Users/JuniorJ/AppData/Local/Programs/MiKTeX/fonts/type1/public/lm/lmmi1
0.pfb><C:/Users/JuniorJ/AppData/Local/Programs/MiKTeX/fonts/type1/public/lm/lmm
i9.pfb><C:/Users/JuniorJ/AppData/Local/Programs/MiKTeX/fonts/type1/public/lm/lm
ss10.pfb><C:/Users/JuniorJ/AppData/Local/Programs/MiKTeX/fonts/type1/public/lm/
lmss12.pfb><C:/Users/JuniorJ/AppData/Local/Programs/MiKTeX/fonts/type1/public/l
m/lmss17.pfb><C:/Users/JuniorJ/AppData/Local/Programs/MiKTeX/fonts/type1/public
/lm/lmss8.pfb><C:/Users/JuniorJ/AppData/Local/Programs/MiKTeX/fonts/type1/publi
c/lm/lmss9.pfb><C:/Users/JuniorJ/AppData/Local/Programs/MiKTeX/fonts/type1/publ
ic/lm/lmssbo10.pfb><C:/Users/JuniorJ/AppData/Local/Programs/MiKTeX/fonts/type1/
public/lm/lmssbx10.pfb><C:/Users/JuniorJ/AppData/Local/Programs/MiKTeX/fonts/ty
pe1/public/lm/lmsso10.pfb><C:/Users/JuniorJ/AppData/Local/Programs/MiKTeX/fonts
/type1/public/lm/lmsso8.pfb><C:/Users/JuniorJ/AppData/Local/Programs/MiKTeX/fon
ts/type1/public/lm/lmsso9.pfb><C:/Users/JuniorJ/AppData/Local/Programs/MiKTeX/f
onts/type1/public/lm/lmsy10.pfb><C:/Users/JuniorJ/AppData/Local/Programs/MiKTeX
/fonts/type1/public/lm/lmsy6.pfb><C:/Users/JuniorJ/AppData/Local/Programs/MiKTe
X/fonts/type1/public/lm/lmsy7.pfb><C:/Users/JuniorJ/AppData/Local/Programs/MiKT
eX/fonts/type1/public/lm/lmsy9.pfb><C:/Users/JuniorJ/AppData/Local/Programs/MiK
TeX/fonts/type1/public/lm/lmtt8.pfb>
Output written on Clase_Series.pdf (111 pages, 2772048 bytes).
PDF statistics:
 3938 PDF objects out of 4296 (max. 8388607)
 233 named destinations out of 1000 (max. 500000)
 1158 words of extra memory for PDF output out of 10000 (max. 10000000)

